Using worker: worker-linux-85ee80ed-1.bb.travis-ci.org:travis-linux-8

travis_fold:start:system_info[0K[33;1mBuild system information[0m
Build language: python
[34m[1mBuild image provisioning date and time[0m
Sat Dec 13 20:08:11 UTC 2014
[34m[1mlsb_release -a[0m
Distributor ID:	Ubuntu
Description:	Ubuntu 12.04 LTS
Release:	12.04
Codename:	precise
[34m[1mCookbooks Version[0m
4f2272c https://github.com/travis-ci/travis-cookbooks/tree/4f2272c
[34m[1mGCC version[0m
gcc (Ubuntu/Linaro 4.6.3-1ubuntu5) 4.6.3
Copyright (C) 2011 Free Software Foundation, Inc.
This is free software; see the source for copying conditions.  There is NO
warranty; not even for MERCHANTABILITY or FITNESS FOR A PARTICULAR PURPOSE.

[34m[1mLLVM version[0m
clang version 3.4 (tags/RELEASE_34/final)
Target: x86_64-unknown-linux-gnu
Thread model: posix
[34m[1mPre-installed Ruby versions[0m
ruby-1.9.3-p551
[34m[1mPre-installed Node.js versions[0m
v0.10.33
[34m[1mPre-installed Go versions[0m
go1.4
[34m[1mRedis version[0m
redis-server 2.8.18
[34m[1mriak version[0m
1.4.12
[34m[1mMongoDB version[0m
MongoDB 2.4.12
[34m[1mCouchDB version[0m
couchdb 1.6.1
[34m[1mNeo4j version[0m
1.9.4
[34m[1mCassandra version[0m
2.0.9
[34m[1mRabbitMQ Version[0m
3.4.2
[34m[1mElasticSearch version[0m
1.4.0
[34m[1mInstalled Sphinx versions[0m
2.0.10
2.1.9
2.2.4
[34m[1mDefault Sphinx version[0m
2.1.9
[34m[1mInstalled Firefox version[0m
firefox 31.0esr
[34m[1mPhantomJS version[0m
1.9.8
[34m[1mant -version[0m
Apache Ant(TM) version 1.8.2 compiled on December 3 2011
[34m[1mmvn -version[0m
Apache Maven 3.2.3 (33f8c3e1027c3ddde99d3cdebad2656a31e8fdf4; 2014-08-11T20:58:10+00:00)
Maven home: /usr/local/maven
Java version: 1.7.0_72, vendor: Oracle Corporation
Java home: /usr/lib/jvm/java-7-oracle/jre
Default locale: en, platform encoding: UTF-8
OS name: "linux", version: "2.6.32-042stab090.5", arch: "amd64", family: "unix"
travis_fold:end:system_info[0K
travis_fold:start:git.checkout[0Ktravis_time:start:014208ea[0K$ git clone --depth=50 --branch=validator git://github.com/letsencrypt/lets-encrypt-preview.git letsencrypt/lets-encrypt-preview
Cloning into 'letsencrypt/lets-encrypt-preview'...
remote: Counting objects: 2231, done.[K
remote: Compressing objects:   0% (1/952)   [Kremote: Compressing objects:   1% (10/952)   [Kremote: Compressing objects:   2% (20/952)   [Kremote: Compressing objects:   3% (29/952)   [Kremote: Compressing objects:   4% (39/952)   [Kremote: Compressing objects:   5% (48/952)   [Kremote: Compressing objects:   6% (58/952)   [Kremote: Compressing objects:   7% (67/952)   [Kremote: Compressing objects:   8% (77/952)   [Kremote: Compressing objects:   9% (86/952)   [Kremote: Compressing objects:  10% (96/952)   [Kremote: Compressing objects:  11% (105/952)   [Kremote: Compressing objects:  12% (115/952)   [Kremote: Compressing objects:  13% (124/952)   [Kremote: Compressing objects:  14% (134/952)   [Kremote: Compressing objects:  15% (143/952)   [Kremote: Compressing objects:  16% (153/952)   [Kremote: Compressing objects:  17% (162/952)   [Kremote: Compressing objects:  18% (172/952)   [Kremote: Compressing objects:  19% (181/952)   [Kremote: Compressing objects:  20% (191/952)   [Kremote: Compressing objects:  21% (200/952)   [Kremote: Compressing objects:  22% (210/952)   [Kremote: Compressing objects:  23% (219/952)   [Kremote: Compressing objects:  24% (229/952)   [Kremote: Compressing objects:  25% (238/952)   [Kremote: Compressing objects:  26% (248/952)   [Kremote: Compressing objects:  27% (258/952)   [Kremote: Compressing objects:  28% (267/952)   [Kremote: Compressing objects:  29% (277/952)   [Kremote: Compressing objects:  30% (286/952)   [Kremote: Compressing objects:  31% (296/952)   [Kremote: Compressing objects:  32% (305/952)   [Kremote: Compressing objects:  33% (315/952)   [Kremote: Compressing objects:  34% (324/952)   [Kremote: Compressing objects:  35% (334/952)   [Kremote: Compressing objects:  36% (343/952)   [Kremote: Compressing objects:  37% (353/952)   [Kremote: Compressing objects:  38% (362/952)   [Kremote: Compressing objects:  39% (372/952)   [Kremote: Compressing objects:  40% (381/952)   [Kremote: Compressing objects:  41% (391/952)   [Kremote: Compressing objects:  42% (400/952)   [Kremote: Compressing objects:  43% (410/952)   [Kremote: Compressing objects:  44% (419/952)   [Kremote: Compressing objects:  45% (429/952)   [Kremote: Compressing objects:  46% (438/952)   [Kremote: Compressing objects:  47% (448/952)   [Kremote: Compressing objects:  48% (457/952)   [Kremote: Compressing objects:  49% (467/952)   [Kremote: Compressing objects:  50% (476/952)   [Kremote: Compressing objects:  51% (486/952)   [Kremote: Compressing objects:  52% (496/952)   [Kremote: Compressing objects:  53% (505/952)   [Kremote: Compressing objects:  54% (515/952)   [Kremote: Compressing objects:  55% (524/952)   [Kremote: Compressing objects:  56% (534/952)   [Kremote: Compressing objects:  57% (543/952)   [Kremote: Compressing objects:  58% (553/952)   [Kremote: Compressing objects:  59% (562/952)   [Kremote: Compressing objects:  60% (572/952)   [Kremote: Compressing objects:  61% (581/952)   [Kremote: Compressing objects:  62% (591/952)   [Kremote: Compressing objects:  63% (600/952)   [Kremote: Compressing objects:  64% (610/952)   [Kremote: Compressing objects:  65% (619/952)   [Kremote: Compressing objects:  66% (629/952)   [Kremote: Compressing objects:  67% (638/952)   [Kremote: Compressing objects:  68% (648/952)   [Kremote: Compressing objects:  69% (657/952)   [Kremote: Compressing objects:  70% (667/952)   [Kremote: Compressing objects:  71% (676/952)   [Kremote: Compressing objects:  72% (686/952)   [Kremote: Compressing objects:  73% (695/952)   [Kremote: Compressing objects:  74% (705/952)   [Kremote: Compressing objects:  75% (714/952)   [Kremote: Compressing objects:  76% (724/952)   [Kremote: Compressing objects:  77% (734/952)   [Kremote: Compressing objects:  78% (743/952)   [Kremote: Compressing objects:  79% (753/952)   [Kremote: Compressing objects:  80% (762/952)   [Kremote: Compressing objects:  81% (772/952)   [Kremote: Compressing objects:  82% (781/952)   [Kremote: Compressing objects:  83% (791/952)   [Kremote: Compressing objects:  84% (800/952)   [Kremote: Compressing objects:  85% (810/952)   [Kremote: Compressing objects:  86% (819/952)   [Kremote: Compressing objects:  87% (829/952)   [Kremote: Compressing objects:  88% (838/952)   [Kremote: Compressing objects:  89% (848/952)   [Kremote: Compressing objects:  90% (857/952)   [Kremote: Compressing objects:  91% (867/952)   [Kremote: Compressing objects:  92% (876/952)   [Kremote: Compressing objects:  93% (886/952)   [Kremote: Compressing objects:  94% (895/952)   [Kremote: Compressing objects:  95% (905/952)   [Kremote: Compressing objects:  96% (914/952)   [Kremote: Compressing objects:  97% (924/952)   [Kremote: Compressing objects:  98% (933/952)   [Kremote: Compressing objects:  99% (943/952)   [Kremote: Compressing objects: 100% (952/952)   [Kremote: Compressing objects: 100% (952/952), done.[K
Receiving objects:   0% (1/2231)   Receiving objects:   1% (23/2231)   Receiving objects:   2% (45/2231)   Receiving objects:   3% (67/2231)   Receiving objects:   4% (90/2231)   Receiving objects:   5% (112/2231)   Receiving objects:   6% (134/2231)   Receiving objects:   7% (157/2231)   Receiving objects:   8% (179/2231)   Receiving objects:   9% (201/2231)   Receiving objects:  10% (224/2231)   Receiving objects:  11% (246/2231)   Receiving objects:  12% (268/2231)   Receiving objects:  13% (291/2231)   Receiving objects:  14% (313/2231)   Receiving objects:  15% (335/2231)   Receiving objects:  16% (357/2231)   Receiving objects:  17% (380/2231)   Receiving objects:  18% (402/2231)   Receiving objects:  19% (424/2231)   Receiving objects:  20% (447/2231)   Receiving objects:  21% (469/2231)   Receiving objects:  22% (491/2231)   Receiving objects:  23% (514/2231)   Receiving objects:  24% (536/2231)   Receiving objects:  25% (558/2231)   Receiving objects:  26% (581/2231)   Receiving objects:  27% (603/2231)   Receiving objects:  28% (625/2231)   Receiving objects:  29% (647/2231)   Receiving objects:  30% (670/2231)   Receiving objects:  31% (692/2231)   Receiving objects:  32% (714/2231)   Receiving objects:  33% (737/2231)   Receiving objects:  34% (759/2231)   Receiving objects:  35% (781/2231)   Receiving objects:  36% (804/2231)   Receiving objects:  37% (826/2231)   Receiving objects:  38% (848/2231)   Receiving objects:  39% (871/2231)   Receiving objects:  40% (893/2231)   Receiving objects:  41% (915/2231)   Receiving objects:  42% (938/2231)   Receiving objects:  43% (960/2231)   Receiving objects:  44% (982/2231)   Receiving objects:  45% (1004/2231)   Receiving objects:  46% (1027/2231)   Receiving objects:  47% (1049/2231)   Receiving objects:  48% (1071/2231)   Receiving objects:  49% (1094/2231)   Receiving objects:  50% (1116/2231)   Receiving objects:  51% (1138/2231)   Receiving objects:  52% (1161/2231)   Receiving objects:  53% (1183/2231)   Receiving objects:  54% (1205/2231)   Receiving objects:  55% (1228/2231)   Receiving objects:  56% (1250/2231)   Receiving objects:  57% (1272/2231)   Receiving objects:  58% (1294/2231)   Receiving objects:  59% (1317/2231)   Receiving objects:  60% (1339/2231)   Receiving objects:  61% (1361/2231)   Receiving objects:  62% (1384/2231)   Receiving objects:  63% (1406/2231)   Receiving objects:  64% (1428/2231)   Receiving objects:  65% (1451/2231)   Receiving objects:  66% (1473/2231)   Receiving objects:  67% (1495/2231)   Receiving objects:  68% (1518/2231)   Receiving objects:  69% (1540/2231)   Receiving objects:  70% (1562/2231)   Receiving objects:  71% (1585/2231)   Receiving objects:  72% (1607/2231)   Receiving objects:  73% (1629/2231)   Receiving objects:  74% (1651/2231)   Receiving objects:  75% (1674/2231)   Receiving objects:  76% (1696/2231)   Receiving objects:  77% (1718/2231)   Receiving objects:  78% (1741/2231)   Receiving objects:  79% (1763/2231)   Receiving objects:  80% (1785/2231)   Receiving objects:  81% (1808/2231)   remote: Total 2231 (delta 1402), reused 2059 (delta 1244)[K
Receiving objects:  82% (1830/2231)   Receiving objects:  83% (1852/2231)   Receiving objects:  84% (1875/2231)   Receiving objects:  85% (1897/2231)   Receiving objects:  86% (1919/2231)   Receiving objects:  87% (1941/2231)   Receiving objects:  88% (1964/2231)   Receiving objects:  89% (1986/2231)   Receiving objects:  90% (2008/2231)   Receiving objects:  91% (2031/2231)   Receiving objects:  92% (2053/2231)   Receiving objects:  93% (2075/2231)   Receiving objects:  94% (2098/2231)   Receiving objects:  95% (2120/2231)   Receiving objects:  96% (2142/2231)   Receiving objects:  97% (2165/2231)   Receiving objects:  98% (2187/2231)   Receiving objects:  99% (2209/2231)   Receiving objects: 100% (2231/2231)   Receiving objects: 100% (2231/2231), 521.36 KiB | 0 bytes/s, done.
Resolving deltas:   0% (0/1402)   Resolving deltas:   1% (15/1402)   Resolving deltas:   2% (37/1402)   Resolving deltas:   3% (45/1402)   Resolving deltas:   4% (68/1402)   Resolving deltas:   7% (106/1402)   Resolving deltas:   8% (117/1402)   Resolving deltas:   9% (131/1402)   Resolving deltas:  10% (143/1402)   Resolving deltas:  13% (195/1402)   Resolving deltas:  16% (228/1402)   Resolving deltas:  17% (248/1402)   Resolving deltas:  18% (261/1402)   Resolving deltas:  21% (301/1402)   Resolving deltas:  22% (320/1402)   Resolving deltas:  28% (400/1402)   Resolving deltas:  32% (451/1402)   Resolving deltas:  33% (473/1402)   Resolving deltas:  34% (483/1402)   Resolving deltas:  38% (533/1402)   Resolving deltas:  39% (550/1402)   Resolving deltas:  40% (567/1402)   Resolving deltas:  41% (585/1402)   Resolving deltas:  42% (591/1402)   Resolving deltas:  43% (603/1402)   Resolving deltas:  44% (618/1402)   Resolving deltas:  46% (652/1402)   Resolving deltas:  47% (660/1402)   Resolving deltas:  48% (683/1402)   Resolving deltas:  49% (689/1402)   Resolving deltas:  50% (709/1402)   Resolving deltas:  51% (717/1402)   Resolving deltas:  53% (745/1402)   Resolving deltas:  54% (758/1402)   Resolving deltas:  55% (773/1402)   Resolving deltas:  56% (789/1402)   Resolving deltas:  57% (807/1402)   Resolving deltas:  60% (843/1402)   Resolving deltas:  61% (858/1402)   Resolving deltas:  64% (911/1402)   Resolving deltas:  65% (917/1402)   Resolving deltas:  67% (944/1402)   Resolving deltas:  68% (965/1402)   Resolving deltas:  69% (979/1402)   Resolving deltas:  70% (984/1402)   Resolving deltas:  72% (1022/1402)   Resolving deltas:  73% (1028/1402)   Resolving deltas:  74% (1038/1402)   Resolving deltas:  76% (1067/1402)   Resolving deltas:  77% (1090/1402)   Resolving deltas:  78% (1094/1402)   Resolving deltas:  79% (1108/1402)   Resolving deltas:  80% (1127/1402)   Resolving deltas:  81% (1137/1402)   Resolving deltas:  85% (1200/1402)   Resolving deltas:  89% (1251/1402)   Resolving deltas:  90% (1265/1402)   Resolving deltas:  92% (1293/1402)   Resolving deltas:  97% (1368/1402)   Resolving deltas:  99% (1396/1402)   Resolving deltas: 100% (1402/1402)   Resolving deltas: 100% (1402/1402), done.
Checking connectivity... done.
travis_time:end:014208ea:start=1422532333043526333,finish=1422532333318191316,duration=274664983[0K$ cd letsencrypt/lets-encrypt-preview
$ git checkout -qf d7291d6c8e4b76f7f5a8354dc433d83c788e61d1
travis_fold:end:git.checkout[0K
[33;1mSetting environment variables from .travis.yml[0m
$ export TOXENV=lint

travis_time:start:008765db[0K$ source ~/virtualenv/python2.7/bin/activate
travis_time:end:008765db:start=1422532333338121738,finish=1422532333344490509,duration=6368771[0K$ python --version
Python 2.7.9
$ pip --version
pip 1.5.6 from /home/travis/virtualenv/python2.7.9/lib/python2.7/site-packages (python 2.7)
travis_fold:start:before_install[0Ktravis_time:start:250c7a0c[0K$ travis_retry sudo apt-get install python python-setuptools python-virtualenv python-dev gcc swig dialog libaugeas0 libssl-dev
  
Reading package lists... 0%Reading package lists... 0%Reading package lists... 1%Reading package lists... 6%Reading package lists... 6%Reading package lists... 6%Reading package lists... 6%Reading package lists... 24%Reading package lists... 27%Reading package lists... 27%Reading package lists... 27%Reading package lists... 27%Reading package lists... 33%Reading package lists... 33%Reading package lists... 34%Reading package lists... 34%Reading package lists... 51%Reading package lists... 54%Reading package lists... 54%Reading package lists... 55%Reading package lists... 55%Reading package lists... 58%Reading package lists... 58%Reading package lists... 58%Reading package lists... 58%Reading package lists... 58%Reading package lists... 58%Reading package lists... 70%Reading package lists... 70%Reading package lists... 75%Reading package lists... 75%Reading package lists... 75%Reading package lists... 75%Reading package lists... 75%Reading package lists... 77%Reading package lists... 77%Reading package lists... 77%Reading package lists... 77%Reading package lists... 82%Reading package lists... 82%Reading package lists... 82%Reading package lists... 82%Reading package lists... 83%Reading package lists... 83%Reading package lists... 83%Reading package lists... 83%Reading package lists... 86%Reading package lists... 86%Reading package lists... 86%Reading package lists... 86%Reading package lists... 86%Reading package lists... 86%Reading package lists... 87%Reading package lists... 87%Reading package lists... 87%Reading package lists... 87%Reading package lists... 87%Reading package lists... 87%Reading package lists... 87%Reading package lists... 87%Reading package lists... 87%Reading package lists... 87%Reading package lists... 87%Reading package lists... 87%Reading package lists... 87%Reading package lists... 87%Reading package lists... 88%Reading package lists... 88%Reading package lists... 88%Reading package lists... 88%Reading package lists... 88%Reading package lists... 88%Reading package lists... 88%Reading package lists... 88%Reading package lists... 88%Reading package lists... 88%Reading package lists... 88%Reading package lists... 88%Reading package lists... 90%Reading package lists... 90%Reading package lists... 91%Reading package lists... 91%Reading package lists... 91%Reading package lists... 91%Reading package lists... 91%Reading package lists... 91%Reading package lists... 94%Reading package lists... 94%Reading package lists... 94%Reading package lists... 94%Reading package lists... 95%Reading package lists... 95%Reading package lists... 95%Reading package lists... 95%Reading package lists... 97%Reading package lists... 97%Reading package lists... 97%Reading package lists... 97%Reading package lists... 97%Reading package lists... 97%Reading package lists... 97%Reading package lists... 97%Reading package lists... 97%Reading package lists... 97%Reading package lists... 97%Reading package lists... 97%Reading package lists... 97%Reading package lists... 97%Reading package lists... 97%Reading package lists... 97%Reading package lists... 97%Reading package lists... 97%Reading package lists... 97%Reading package lists... 97%Reading package lists... 97%Reading package lists... 97%Reading package lists... 98%Reading package lists... 98%Reading package lists... 98%Reading package lists... 98%Reading package lists... 98%Reading package lists... 98%Reading package lists... 99%Reading package lists... 99%Reading package lists... 99%Reading package lists... 99%Reading package lists... 99%Reading package lists... 99%Reading package lists... 99%Reading package lists... 99%Reading package lists... 99%Reading package lists... 99%Reading package lists... 99%Reading package lists... 99%Reading package lists... 99%Reading package lists... 99%Reading package lists... 99%Reading package lists... 99%Reading package lists... 99%Reading package lists... 99%Reading package lists... 99%Reading package lists... 99%Reading package lists... 99%Reading package lists... 99%Reading package lists... 99%Reading package lists... 99%Reading package lists... 99%Reading package lists... 99%Reading package lists... 99%Reading package lists... 99%Reading package lists... 99%Reading package lists... 99%Reading package lists... Done
Building dependency tree... 0%Building dependency tree... 0%Building dependency tree... 0%Building dependency tree... 50%Building dependency tree... 50%Building dependency tree       
Reading state information... 0%Reading state information... 0%Reading state information... Done
gcc is already the newest version.
gcc set to manually installed.
libssl-dev is already the newest version.
libssl-dev set to manually installed.
python is already the newest version.
python-dev is already the newest version.
The following package was automatically installed and is no longer required:
  libgeos-3.2.2
Use 'apt-get autoremove' to remove them.
The following extra packages will be installed:
  augeas-lenses python-pip swig2.0
Suggested packages:
  augeas-doc augeas-tools swig-doc swig-examples swig2.0-examples swig2.0-doc
The following NEW packages will be installed:
  augeas-lenses dialog libaugeas0 python-pip python-setuptools
  python-virtualenv swig swig2.0
0 upgraded, 8 newly installed, 0 to remove and 101 not upgraded.
Need to get 4,422 kB of archives.
After this operation, 10.5 MB of additional disk space will be used.
0% [Working]            Get:1 http://us.archive.ubuntu.com/ubuntu/ precise/main augeas-lenses all 0.10.0-0ubuntu4 [175 kB]
            0% [1 augeas-lenses 14.0 kB/175 kB 8%]                                      4% [Working]            Get:2 http://us.archive.ubuntu.com/ubuntu/ precise/universe dialog amd64 1.1-20111020-1 [280 kB]
            4% [2 dialog 19.9 kB/280 kB 7%]                               10% [Working]             Get:3 http://us.archive.ubuntu.com/ubuntu/ precise/main libaugeas0 amd64 0.10.0-0ubuntu4 [171 kB]
             10% [3 libaugeas0 0 B/171 kB 0%]                                14% [Working]             Get:4 http://us.archive.ubuntu.com/ubuntu/ precise/main python-setuptools all 0.6.24-1ubuntu1 [441 kB]
             14% [4 python-setuptools 0 B/441 kB 0%]                                       24% [Waiting for headers]                         Get:5 http://us.archive.ubuntu.com/ubuntu/ precise/universe python-pip all 1.0-1build1 [95.1 kB]
                         24% [5 python-pip 2,580 B/95.1 kB 3%]                                     26% [Working]             Get:6 http://us.archive.ubuntu.com/ubuntu/ precise/universe python-virtualenv all 1.7.1.2-1 [2,112 kB]
             26% [6 python-virtualenv 0 B/2,112 kB 0%]                                         74% [Working]             Get:7 http://us.archive.ubuntu.com/ubuntu/ precise/main swig2.0 amd64 2.0.4+really2.0.4-4ubuntu2 [1,139 kB]
             74% [7 swig2.0 870 B/1,139 kB 0%]                                 100% [Working]              Get:8 http://us.archive.ubuntu.com/ubuntu/ precise/main swig amd64 2.0.4+really2.0.4-4ubuntu2 [8,808 B]
              100% [8 swig 8,808 B/8,808 B 100%]                                  100% [Working]              Fetched 4,422 kB in 0s (10.4 MB/s)
Selecting previously unselected package augeas-lenses.
(Reading database ... (Reading database ... 5%(Reading database ... 10%(Reading database ... 15%(Reading database ... 20%(Reading database ... 25%(Reading database ... 30%(Reading database ... 35%(Reading database ... 40%(Reading database ... 45%(Reading database ... 50%(Reading database ... 55%(Reading database ... 60%(Reading database ... 65%(Reading database ... 70%(Reading database ... 75%(Reading database ... 80%(Reading database ... 85%(Reading database ... 90%(Reading database ... 95%(Reading database ... 100%(Reading database ... 76367 files and directories currently installed.)
Unpacking augeas-lenses (from .../augeas-lenses_0.10.0-0ubuntu4_all.deb) ...
Selecting previously unselected package dialog.
Unpacking dialog (from .../dialog_1.1-20111020-1_amd64.deb) ...
Selecting previously unselected package libaugeas0.
Unpacking libaugeas0 (from .../libaugeas0_0.10.0-0ubuntu4_amd64.deb) ...
Selecting previously unselected package python-setuptools.
Unpacking python-setuptools (from .../python-setuptools_0.6.24-1ubuntu1_all.deb) ...
Selecting previously unselected package python-pip.
Unpacking python-pip (from .../python-pip_1.0-1build1_all.deb) ...
Selecting previously unselected package python-virtualenv.
Unpacking python-virtualenv (from .../python-virtualenv_1.7.1.2-1_all.deb) ...
Selecting previously unselected package swig2.0.
Unpacking swig2.0 (from .../swig2.0_2.0.4+really2.0.4-4ubuntu2_amd64.deb) ...
Selecting previously unselected package swig.
Unpacking swig (from .../swig_2.0.4+really2.0.4-4ubuntu2_amd64.deb) ...
Processing triggers for man-db ...
Setting up augeas-lenses (0.10.0-0ubuntu4) ...
Setting up dialog (1.1-20111020-1) ...
Setting up libaugeas0 (0.10.0-0ubuntu4) ...
Setting up python-setuptools (0.6.24-1ubuntu1) ...
Setting up python-pip (1.0-1build1) ...
Setting up python-virtualenv (1.7.1.2-1) ...
Setting up swig2.0 (2.0.4+really2.0.4-4ubuntu2) ...
Setting up swig (2.0.4+really2.0.4-4ubuntu2) ...
Processing triggers for libc-bin ...
ldconfig deferred processing now taking place
travis_time:end:250c7a0c:start=1422532333589956276,finish=1422532343512339239,duration=9922382963[0Ktravis_fold:end:before_install[0Ktravis_fold:start:install[0Ktravis_time:start:024a06e0[0K$ travis_retry python setup.py dev
running develop
running egg_info
creating letsencrypt.egg-info
writing requirements to letsencrypt.egg-info/requires.txt
writing letsencrypt.egg-info/PKG-INFO
writing top-level names to letsencrypt.egg-info/top_level.txt
writing dependency_links to letsencrypt.egg-info/dependency_links.txt
writing entry points to letsencrypt.egg-info/entry_points.txt
writing manifest file 'letsencrypt.egg-info/SOURCES.txt'
reading manifest file 'letsencrypt.egg-info/SOURCES.txt'
reading manifest template 'MANIFEST.in'
writing manifest file 'letsencrypt.egg-info/SOURCES.txt'
running build_ext
Creating /home/travis/virtualenv/python2.7.9/lib/python2.7/site-packages/letsencrypt.egg-link (link to .)
Adding letsencrypt 0.1 to easy-install.pth file
Installing letsencrypt script to /home/travis/virtualenv/python2.7.9/bin

Installed /home/travis/build/letsencrypt/lets-encrypt-preview
Processing dependencies for letsencrypt==0.1
Searching for M2Crypto
Reading https://pypi.python.org/simple/M2Crypto/
Best match: M2Crypto 0.22.3
Downloading https://pypi.python.org/packages/source/M/M2Crypto/M2Crypto-0.22.3.tar.gz#md5=573f21aaac7d5c9549798e72ffcefedd
Processing M2Crypto-0.22.3.tar.gz
Writing /tmp/easy_install-eda3wD/M2Crypto-0.22.3/setup.cfg
Running M2Crypto-0.22.3/setup.py -q bdist_egg --dist-dir /tmp/easy_install-eda3wD/M2Crypto-0.22.3/egg-dist-tmp-iUlLdg
SWIG/_bio.i:64: Warning 454: Setting a pointer/reference variable may leak memory.
SWIG/_rand.i:21: Warning 454: Setting a pointer/reference variable may leak memory.
SWIG/_evp.i:160: Warning 454: Setting a pointer/reference variable may leak memory.
SWIG/_dh.i:36: Warning 454: Setting a pointer/reference variable may leak memory.
SWIG/_rsa.i:43: Warning 454: Setting a pointer/reference variable may leak memory.
SWIG/_dsa.i:31: Warning 454: Setting a pointer/reference variable may leak memory.
SWIG/_ssl.i:212: Warning 454: Setting a pointer/reference variable may leak memory.
SWIG/_x509.i:323: Warning 454: Setting a pointer/reference variable may leak memory.
SWIG/_pkcs7.i:44: Warning 454: Setting a pointer/reference variable may leak memory.
SWIG/_pkcs7.i:44: Warning 454: Setting a pointer/reference variable may leak memory.
SWIG/_util.i:11: Warning 454: Setting a pointer/reference variable may leak memory.
SWIG/_ec.i:111: Warning 454: Setting a pointer/reference variable may leak memory.
SWIG/_engine.i:168: Warning 454: Setting a pointer/reference variable may leak memory.
SWIG/_m2crypto_wrap.c:3540:6: warning: function declaration isnâ€™t a prototype [-Wstrict-prototypes]
SWIG/_m2crypto_wrap.c: In function â€˜x509v3_lhashâ€™:
SWIG/_m2crypto_wrap.c:6354:5: warning: return from incompatible pointer type [enabled by default]
SWIG/_m2crypto_wrap.c: In function â€˜_wrap_new__STACKâ€™:
SWIG/_m2crypto_wrap.c:7562:1: warning: label â€˜failâ€™ defined but not used [-Wunused-label]
SWIG/_m2crypto_wrap.c: In function â€˜_wrap_sk_new_nullâ€™:
SWIG/_m2crypto_wrap.c:7714:1: warning: label â€˜failâ€™ defined but not used [-Wunused-label]
SWIG/_m2crypto_wrap.c: In function â€˜_wrap_new_stack_st_OPENSSL_STRINGâ€™:
SWIG/_m2crypto_wrap.c:8202:1: warning: label â€˜failâ€™ defined but not used [-Wunused-label]
SWIG/_m2crypto_wrap.c: In function â€˜_wrap_new_stack_st_OPENSSL_BLOCKâ€™:
SWIG/_m2crypto_wrap.c:8294:1: warning: label â€˜failâ€™ defined but not used [-Wunused-label]
SWIG/_m2crypto_wrap.c: In function â€˜_wrap_threading_initâ€™:
SWIG/_m2crypto_wrap.c:8333:1: warning: label â€˜failâ€™ defined but not used [-Wunused-label]
SWIG/_m2crypto_wrap.c: In function â€˜_wrap_threading_cleanupâ€™:
SWIG/_m2crypto_wrap.c:8344:1: warning: label â€˜failâ€™ defined but not used [-Wunused-label]
SWIG/_m2crypto_wrap.c: In function â€˜_wrap_lib_initâ€™:
SWIG/_m2crypto_wrap.c:8355:1: warning: label â€˜failâ€™ defined but not used [-Wunused-label]
SWIG/_m2crypto_wrap.c: In function â€˜_wrap_err_get_errorâ€™:
SWIG/_m2crypto_wrap.c:8547:1: warning: label â€˜failâ€™ defined but not used [-Wunused-label]
SWIG/_m2crypto_wrap.c: In function â€˜_wrap_err_peek_errorâ€™:
SWIG/_m2crypto_wrap.c:8559:1: warning: label â€˜failâ€™ defined but not used [-Wunused-label]
SWIG/_m2crypto_wrap.c: In function â€˜_wrap_bio_s_bioâ€™:
SWIG/_m2crypto_wrap.c:8637:1: warning: label â€˜failâ€™ defined but not used [-Wunused-label]
SWIG/_m2crypto_wrap.c: In function â€˜_wrap_bio_s_memâ€™:
SWIG/_m2crypto_wrap.c:8649:1: warning: label â€˜failâ€™ defined but not used [-Wunused-label]
SWIG/_m2crypto_wrap.c: In function â€˜_wrap_bio_s_socketâ€™:
SWIG/_m2crypto_wrap.c:8661:1: warning: label â€˜failâ€™ defined but not used [-Wunused-label]
SWIG/_m2crypto_wrap.c: In function â€˜_wrap_bio_f_sslâ€™:
SWIG/_m2crypto_wrap.c:8673:1: warning: label â€˜failâ€™ defined but not used [-Wunused-label]
SWIG/_m2crypto_wrap.c: In function â€˜_wrap_bio_f_bufferâ€™:
SWIG/_m2crypto_wrap.c:8685:1: warning: label â€˜failâ€™ defined but not used [-Wunused-label]
SWIG/_m2crypto_wrap.c: In function â€˜_wrap_bio_f_cipherâ€™:
SWIG/_m2crypto_wrap.c:8697:1: warning: label â€˜failâ€™ defined but not used [-Wunused-label]
SWIG/_m2crypto_wrap.c: In function â€˜_wrap_rand_cleanupâ€™:
SWIG/_m2crypto_wrap.c:9923:1: warning: label â€˜failâ€™ defined but not used [-Wunused-label]
SWIG/_m2crypto_wrap.c: In function â€˜_wrap_rand_screenâ€™:
SWIG/_m2crypto_wrap.c:10071:1: warning: label â€˜failâ€™ defined but not used [-Wunused-label]
SWIG/_m2crypto_wrap.c: In function â€˜_wrap_md5â€™:
SWIG/_m2crypto_wrap.c:10126:1: warning: label â€˜failâ€™ defined but not used [-Wunused-label]
SWIG/_m2crypto_wrap.c: In function â€˜_wrap_sha1â€™:
SWIG/_m2crypto_wrap.c:10138:1: warning: label â€˜failâ€™ defined but not used [-Wunused-label]
SWIG/_m2crypto_wrap.c: In function â€˜_wrap_ripemd160â€™:
SWIG/_m2crypto_wrap.c:10150:1: warning: label â€˜failâ€™ defined but not used [-Wunused-label]
SWIG/_m2crypto_wrap.c: In function â€˜_wrap_sha224â€™:
SWIG/_m2crypto_wrap.c:10162:1: warning: label â€˜failâ€™ defined but not used [-Wunused-label]
SWIG/_m2crypto_wrap.c: In function â€˜_wrap_sha256â€™:
SWIG/_m2crypto_wrap.c:10174:1: warning: label â€˜failâ€™ defined but not used [-Wunused-label]
SWIG/_m2crypto_wrap.c: In function â€˜_wrap_sha384â€™:
SWIG/_m2crypto_wrap.c:10186:1: warning: label â€˜failâ€™ defined but not used [-Wunused-label]
SWIG/_m2crypto_wrap.c: In function â€˜_wrap_sha512â€™:
SWIG/_m2crypto_wrap.c:10198:1: warning: label â€˜failâ€™ defined but not used [-Wunused-label]
SWIG/_m2crypto_wrap.c: In function â€˜_wrap_des_ecbâ€™:
SWIG/_m2crypto_wrap.c:10254:1: warning: label â€˜failâ€™ defined but not used [-Wunused-label]
SWIG/_m2crypto_wrap.c: In function â€˜_wrap_des_ede_ecbâ€™:
SWIG/_m2crypto_wrap.c:10266:1: warning: label â€˜failâ€™ defined but not used [-Wunused-label]
SWIG/_m2crypto_wrap.c: In function â€˜_wrap_des_ede3_ecbâ€™:
SWIG/_m2crypto_wrap.c:10278:1: warning: label â€˜failâ€™ defined but not used [-Wunused-label]
SWIG/_m2crypto_wrap.c: In function â€˜_wrap_des_cbcâ€™:
SWIG/_m2crypto_wrap.c:10290:1: warning: label â€˜failâ€™ defined but not used [-Wunused-label]
SWIG/_m2crypto_wrap.c: In function â€˜_wrap_des_ede_cbcâ€™:
SWIG/_m2crypto_wrap.c:10302:1: warning: label â€˜failâ€™ defined but not used [-Wunused-label]
SWIG/_m2crypto_wrap.c: In function â€˜_wrap_des_ede3_cbcâ€™:
SWIG/_m2crypto_wrap.c:10314:1: warning: label â€˜failâ€™ defined but not used [-Wunused-label]
SWIG/_m2crypto_wrap.c: In function â€˜_wrap_des_cfbâ€™:
SWIG/_m2crypto_wrap.c:10326:1: warning: label â€˜failâ€™ defined but not used [-Wunused-label]
SWIG/_m2crypto_wrap.c: In function â€˜_wrap_des_ede_cfbâ€™:
SWIG/_m2crypto_wrap.c:10338:1: warning: label â€˜failâ€™ defined but not used [-Wunused-label]
SWIG/_m2crypto_wrap.c: In function â€˜_wrap_des_ede3_cfbâ€™:
SWIG/_m2crypto_wrap.c:10350:1: warning: label â€˜failâ€™ defined but not used [-Wunused-label]
SWIG/_m2crypto_wrap.c: In function â€˜_wrap_des_ofbâ€™:
SWIG/_m2crypto_wrap.c:10362:1: warning: label â€˜failâ€™ defined but not used [-Wunused-label]
SWIG/_m2crypto_wrap.c: In function â€˜_wrap_des_ede_ofbâ€™:
SWIG/_m2crypto_wrap.c:10374:1: warning: label â€˜failâ€™ defined but not used [-Wunused-label]
SWIG/_m2crypto_wrap.c: In function â€˜_wrap_des_ede3_ofbâ€™:
SWIG/_m2crypto_wrap.c:10386:1: warning: label â€˜failâ€™ defined but not used [-Wunused-label]
SWIG/_m2crypto_wrap.c: In function â€˜_wrap_bf_ecbâ€™:
SWIG/_m2crypto_wrap.c:10398:1: warning: label â€˜failâ€™ defined but not used [-Wunused-label]
SWIG/_m2crypto_wrap.c: In function â€˜_wrap_bf_cbcâ€™:
SWIG/_m2crypto_wrap.c:10410:1: warning: label â€˜failâ€™ defined but not used [-Wunused-label]
SWIG/_m2crypto_wrap.c: In function â€˜_wrap_bf_cfbâ€™:
SWIG/_m2crypto_wrap.c:10422:1: warning: label â€˜failâ€™ defined but not used [-Wunused-label]
SWIG/_m2crypto_wrap.c: In function â€˜_wrap_bf_ofbâ€™:
SWIG/_m2crypto_wrap.c:10434:1: warning: label â€˜failâ€™ defined but not used [-Wunused-label]
SWIG/_m2crypto_wrap.c: In function â€˜_wrap_cast5_ecbâ€™:
SWIG/_m2crypto_wrap.c:10446:1: warning: label â€˜failâ€™ defined but not used [-Wunused-label]
SWIG/_m2crypto_wrap.c: In function â€˜_wrap_cast5_cbcâ€™:
SWIG/_m2crypto_wrap.c:10458:1: warning: label â€˜failâ€™ defined but not used [-Wunused-label]
SWIG/_m2crypto_wrap.c: In function â€˜_wrap_cast5_cfbâ€™:
SWIG/_m2crypto_wrap.c:10470:1: warning: label â€˜failâ€™ defined but not used [-Wunused-label]
SWIG/_m2crypto_wrap.c: In function â€˜_wrap_cast5_ofbâ€™:
SWIG/_m2crypto_wrap.c:10482:1: warning: label â€˜failâ€™ defined but not used [-Wunused-label]
SWIG/_m2crypto_wrap.c: In function â€˜_wrap_rc4â€™:
SWIG/_m2crypto_wrap.c:10494:1: warning: label â€˜failâ€™ defined but not used [-Wunused-label]
SWIG/_m2crypto_wrap.c: In function â€˜_wrap_rc2_40_cbcâ€™:
SWIG/_m2crypto_wrap.c:10506:1: warning: label â€˜failâ€™ defined but not used [-Wunused-label]
SWIG/_m2crypto_wrap.c: In function â€˜_wrap_aes_128_ecbâ€™:
SWIG/_m2crypto_wrap.c:10518:1: warning: label â€˜failâ€™ defined but not used [-Wunused-label]
SWIG/_m2crypto_wrap.c: In function â€˜_wrap_aes_128_cbcâ€™:
SWIG/_m2crypto_wrap.c:10530:1: warning: label â€˜failâ€™ defined but not used [-Wunused-label]
SWIG/_m2crypto_wrap.c: In function â€˜_wrap_aes_128_cfbâ€™:
SWIG/_m2crypto_wrap.c:10542:1: warning: label â€˜failâ€™ defined but not used [-Wunused-label]
SWIG/_m2crypto_wrap.c: In function â€˜_wrap_aes_128_ofbâ€™:
SWIG/_m2crypto_wrap.c:10554:1: warning: label â€˜failâ€™ defined but not used [-Wunused-label]
SWIG/_m2crypto_wrap.c: In function â€˜_wrap_aes_192_ecbâ€™:
SWIG/_m2crypto_wrap.c:10566:1: warning: label â€˜failâ€™ defined but not used [-Wunused-label]
SWIG/_m2crypto_wrap.c: In function â€˜_wrap_aes_192_cbcâ€™:
SWIG/_m2crypto_wrap.c:10578:1: warning: label â€˜failâ€™ defined but not used [-Wunused-label]
SWIG/_m2crypto_wrap.c: In function â€˜_wrap_aes_192_cfbâ€™:
SWIG/_m2crypto_wrap.c:10590:1: warning: label â€˜failâ€™ defined but not used [-Wunused-label]
SWIG/_m2crypto_wrap.c: In function â€˜_wrap_aes_192_ofbâ€™:
SWIG/_m2crypto_wrap.c:10602:1: warning: label â€˜failâ€™ defined but not used [-Wunused-label]
SWIG/_m2crypto_wrap.c: In function â€˜_wrap_aes_256_ecbâ€™:
SWIG/_m2crypto_wrap.c:10614:1: warning: label â€˜failâ€™ defined but not used [-Wunused-label]
SWIG/_m2crypto_wrap.c: In function â€˜_wrap_aes_256_cbcâ€™:
SWIG/_m2crypto_wrap.c:10626:1: warning: label â€˜failâ€™ defined but not used [-Wunused-label]
SWIG/_m2crypto_wrap.c: In function â€˜_wrap_aes_256_cfbâ€™:
SWIG/_m2crypto_wrap.c:10638:1: warning: label â€˜failâ€™ defined but not used [-Wunused-label]
SWIG/_m2crypto_wrap.c: In function â€˜_wrap_aes_256_ofbâ€™:
SWIG/_m2crypto_wrap.c:10650:1: warning: label â€˜failâ€™ defined but not used [-Wunused-label]
SWIG/_m2crypto_wrap.c: In function â€˜_wrap_pkey_newâ€™:
SWIG/_m2crypto_wrap.c:10701:1: warning: label â€˜failâ€™ defined but not used [-Wunused-label]
SWIG/_m2crypto_wrap.c: In function â€˜_wrap_md_ctx_newâ€™:
SWIG/_m2crypto_wrap.c:11101:1: warning: label â€˜failâ€™ defined but not used [-Wunused-label]
SWIG/_m2crypto_wrap.c: In function â€˜_wrap_hmac_ctx_newâ€™:
SWIG/_m2crypto_wrap.c:11203:1: warning: label â€˜failâ€™ defined but not used [-Wunused-label]
SWIG/_m2crypto_wrap.c: In function â€˜_wrap_cipher_ctx_newâ€™:
SWIG/_m2crypto_wrap.c:11391:1: warning: label â€˜failâ€™ defined but not used [-Wunused-label]
SWIG/_m2crypto_wrap.c: In function â€˜_wrap_aes_newâ€™:
SWIG/_m2crypto_wrap.c:12040:1: warning: label â€˜failâ€™ defined but not used [-Wunused-label]
SWIG/_m2crypto_wrap.c: In function â€˜_wrap_rc4_newâ€™:
SWIG/_m2crypto_wrap.c:12212:1: warning: label â€˜failâ€™ defined but not used [-Wunused-label]
SWIG/_m2crypto_wrap.c: In function â€˜_wrap_dh_newâ€™:
SWIG/_m2crypto_wrap.c:12348:1: warning: label â€˜failâ€™ defined but not used [-Wunused-label]
SWIG/_m2crypto_wrap.c: In function â€˜_wrap_rsa_newâ€™:
SWIG/_m2crypto_wrap.c:12920:1: warning: label â€˜failâ€™ defined but not used [-Wunused-label]
SWIG/_m2crypto_wrap.c: In function â€˜_wrap_dsa_newâ€™:
SWIG/_m2crypto_wrap.c:14076:1: warning: label â€˜failâ€™ defined but not used [-Wunused-label]
SWIG/_m2crypto_wrap.c: In function â€˜_wrap_sslv3_methodâ€™:
SWIG/_m2crypto_wrap.c:15391:1: warning: label â€˜failâ€™ defined but not used [-Wunused-label]
SWIG/_m2crypto_wrap.c: In function â€˜_wrap_sslv23_methodâ€™:
SWIG/_m2crypto_wrap.c:15403:1: warning: label â€˜failâ€™ defined but not used [-Wunused-label]
SWIG/_m2crypto_wrap.c: In function â€˜_wrap_tlsv1_methodâ€™:
SWIG/_m2crypto_wrap.c:15415:1: warning: label â€˜failâ€™ defined but not used [-Wunused-label]
SWIG/_m2crypto_wrap.c: In function â€˜_wrap_x509_newâ€™:
SWIG/_m2crypto_wrap.c:18556:1: warning: label â€˜failâ€™ defined but not used [-Wunused-label]
SWIG/_m2crypto_wrap.c: In function â€˜_wrap_x509_crl_newâ€™:
SWIG/_m2crypto_wrap.c:18647:1: warning: label â€˜failâ€™ defined but not used [-Wunused-label]
SWIG/_m2crypto_wrap.c: In function â€˜_wrap_x509_name_newâ€™:
SWIG/_m2crypto_wrap.c:19483:1: warning: label â€˜failâ€™ defined but not used [-Wunused-label]
SWIG/_m2crypto_wrap.c: In function â€˜_wrap_x509_name_entry_newâ€™:
SWIG/_m2crypto_wrap.c:20108:1: warning: label â€˜failâ€™ defined but not used [-Wunused-label]
SWIG/_m2crypto_wrap.c: In function â€˜_wrap_x509_req_newâ€™:
SWIG/_m2crypto_wrap.c:20355:1: warning: label â€˜failâ€™ defined but not used [-Wunused-label]
SWIG/_m2crypto_wrap.c: In function â€˜_wrap_x509_store_newâ€™:
SWIG/_m2crypto_wrap.c:20754:1: warning: label â€˜failâ€™ defined but not used [-Wunused-label]
SWIG/_m2crypto_wrap.c: In function â€˜_wrap_sk_x509_new_nullâ€™:
SWIG/_m2crypto_wrap.c:21760:1: warning: label â€˜failâ€™ defined but not used [-Wunused-label]
SWIG/_m2crypto_wrap.c: In function â€˜_wrap_x509v3_lhashâ€™:
SWIG/_m2crypto_wrap.c:22162:1: warning: label â€˜failâ€™ defined but not used [-Wunused-label]
SWIG/_m2crypto_wrap.c: In function â€˜_wrap_sk_x509_extension_new_nullâ€™:
SWIG/_m2crypto_wrap.c:22296:1: warning: label â€˜failâ€™ defined but not used [-Wunused-label]
SWIG/_m2crypto_wrap.c: In function â€˜_wrap_asn1_object_newâ€™:
SWIG/_m2crypto_wrap.c:22541:1: warning: label â€˜failâ€™ defined but not used [-Wunused-label]
SWIG/_m2crypto_wrap.c: In function â€˜_wrap_asn1_bit_string_newâ€™:
SWIG/_m2crypto_wrap.c:22762:1: warning: label â€˜failâ€™ defined but not used [-Wunused-label]
SWIG/_m2crypto_wrap.c: In function â€˜_wrap_asn1_string_newâ€™:
SWIG/_m2crypto_wrap.c:22774:1: warning: label â€˜failâ€™ defined but not used [-Wunused-label]
SWIG/_m2crypto_wrap.c: In function â€˜_wrap_asn1_utctime_newâ€™:
SWIG/_m2crypto_wrap.c:22966:1: warning: label â€˜failâ€™ defined but not used [-Wunused-label]
SWIG/_m2crypto_wrap.c: In function â€˜_wrap_asn1_integer_newâ€™:
SWIG/_m2crypto_wrap.c:23160:1: warning: label â€˜failâ€™ defined but not used [-Wunused-label]
SWIG/_m2crypto_wrap.c: In function â€˜_wrap_pkcs7_newâ€™:
SWIG/_m2crypto_wrap.c:23336:1: warning: label â€˜failâ€™ defined but not used [-Wunused-label]
SWIG/_m2crypto_wrap.c: In function â€˜_wrap_ec_key_newâ€™:
SWIG/_m2crypto_wrap.c:24464:1: warning: label â€˜failâ€™ defined but not used [-Wunused-label]
SWIG/_m2crypto_wrap.c: In function â€˜_wrap_engine_load_builtin_enginesâ€™:
SWIG/_m2crypto_wrap.c:25254:1: warning: label â€˜failâ€™ defined but not used [-Wunused-label]
SWIG/_m2crypto_wrap.c: In function â€˜_wrap_engine_load_dynamicâ€™:
SWIG/_m2crypto_wrap.c:25265:1: warning: label â€˜failâ€™ defined but not used [-Wunused-label]
SWIG/_m2crypto_wrap.c: In function â€˜_wrap_engine_load_opensslâ€™:
SWIG/_m2crypto_wrap.c:25276:1: warning: label â€˜failâ€™ defined but not used [-Wunused-label]
SWIG/_m2crypto_wrap.c: In function â€˜_wrap_engine_cleanupâ€™:
SWIG/_m2crypto_wrap.c:25287:1: warning: label â€˜failâ€™ defined but not used [-Wunused-label]
SWIG/_m2crypto_wrap.c: In function â€˜_wrap_engine_newâ€™:
SWIG/_m2crypto_wrap.c:25299:1: warning: label â€˜failâ€™ defined but not used [-Wunused-label]
SWIG/_m2crypto_wrap.c: In function â€˜_wrap_ui_opensslâ€™:
SWIG/_m2crypto_wrap.c:25548:1: warning: label â€˜failâ€™ defined but not used [-Wunused-label]
SWIG/_m2crypto_wrap.c: In function â€˜_wrap_new__cbd_tâ€™:
SWIG/_m2crypto_wrap.c:25682:1: warning: label â€˜failâ€™ defined but not used [-Wunused-label]
SWIG/_m2crypto_wrap.c: In function â€˜mpi_to_bnâ€™:
SWIG/_m2crypto_wrap.c:3572:5: warning: â€˜vlenâ€™ may be used uninitialized in this function [-Wuninitialized]
SWIG/_m2crypto_wrap.c: In function â€˜bin_to_bnâ€™:
SWIG/_m2crypto_wrap.c:3598:5: warning: â€˜vlenâ€™ may be used uninitialized in this function [-Wuninitialized]
SWIG/_m2crypto_wrap.c: In function â€˜bio_writeâ€™:
SWIG/_m2crypto_wrap.c:3863:9: warning: â€˜flenâ€™ may be used uninitialized in this function [-Wuninitialized]
SWIG/_m2crypto_wrap.c: In function â€˜rand_seedâ€™:
SWIG/_m2crypto_wrap.c:4081:14: warning: â€˜lenâ€™ may be used uninitialized in this function [-Wuninitialized]
SWIG/_m2crypto_wrap.c: In function â€˜rand_addâ€™:
SWIG/_m2crypto_wrap.c:4093:13: warning: â€˜lenâ€™ may be used uninitialized in this function [-Wuninitialized]
SWIG/_m2crypto_wrap.c: In function â€˜pkcs5_pbkdf2_hmac_sha1â€™:
SWIG/_m2crypto_wrap.c:4210:27: warning: â€˜saltlenâ€™ may be used uninitialized in this function [-Wuninitialized]
SWIG/_m2crypto_wrap.c:4210:27: warning: â€˜passlenâ€™ may be used uninitialized in this function [-Wuninitialized]
SWIG/_m2crypto_wrap.c: In function â€˜hmac_initâ€™:
SWIG/_m2crypto_wrap.c:4282:14: warning: â€˜klenâ€™ may be used uninitialized in this function [-Wuninitialized]
SWIG/_m2crypto_wrap.c: In function â€˜hmacâ€™:
SWIG/_m2crypto_wrap.c:4330:9: warning: â€˜klenâ€™ may be used uninitialized in this function [-Wuninitialized]
SWIG/_m2crypto_wrap.c: In function â€˜bytes_to_keyâ€™:
SWIG/_m2crypto_wrap.c:4368:10: warning: â€˜dlenâ€™ may be used uninitialized in this function [-Wuninitialized]
SWIG/_m2crypto_wrap.c: In function â€˜cipher_updateâ€™:
SWIG/_m2crypto_wrap.c:4402:35: warning: â€˜lenâ€™ may be used uninitialized in this function [-Wuninitialized]
SWIG/_m2crypto_wrap.c: In function â€˜verify_finalâ€™:
SWIG/_m2crypto_wrap.c:4491:27: warning: â€˜lenâ€™ may be used uninitialized in this function [-Wuninitialized]
SWIG/_m2crypto_wrap.c: In function â€˜rc4_set_keyâ€™:
SWIG/_m2crypto_wrap.c:4721:16: warning: â€˜vlenâ€™ may be used uninitialized in this function [-Wuninitialized]
SWIG/_m2crypto_wrap.c: In function â€˜dh_compute_keyâ€™:
SWIG/_m2crypto_wrap.c:4814:8: warning: â€˜pklenâ€™ may be used uninitialized in this function [-Wuninitialized]
SWIG/_m2crypto_wrap.c: In function â€˜dh_set_pâ€™:
SWIG/_m2crypto_wrap.c:4875:8: warning: â€˜vlenâ€™ may be used uninitialized in this function [-Wuninitialized]
SWIG/_m2crypto_wrap.c: In function â€˜dh_set_gâ€™:
SWIG/_m2crypto_wrap.c:4894:8: warning: â€˜vlenâ€™ may be used uninitialized in this function [-Wuninitialized]
SWIG/_m2crypto_wrap.c: In function â€˜rsa_set_eâ€™:
SWIG/_m2crypto_wrap.c:4992:8: warning: â€˜vlenâ€™ may be used uninitialized in this function [-Wuninitialized]
SWIG/_m2crypto_wrap.c: In function â€˜rsa_set_nâ€™:
SWIG/_m2crypto_wrap.c:5011:8: warning: â€˜vlenâ€™ may be used uninitialized in this function [-Wuninitialized]
SWIG/_m2crypto_wrap.c: In function â€˜rsa_set_e_binâ€™:
SWIG/_m2crypto_wrap.c:5030:8: warning: â€˜vlenâ€™ may be used uninitialized in this function [-Wuninitialized]
SWIG/_m2crypto_wrap.c: In function â€˜rsa_set_n_binâ€™:
SWIG/_m2crypto_wrap.c:5049:8: warning: â€˜vlenâ€™ may be used uninitialized in this function [-Wuninitialized]
SWIG/_m2crypto_wrap.c: In function â€˜rsa_private_encryptâ€™:
SWIG/_m2crypto_wrap.c:5073:10: warning: â€˜flenâ€™ may be used uninitialized in this function [-Wuninitialized]
SWIG/_m2crypto_wrap.c: In function â€˜rsa_public_decryptâ€™:
SWIG/_m2crypto_wrap.c:5098:10: warning: â€˜flenâ€™ may be used uninitialized in this function [-Wuninitialized]
SWIG/_m2crypto_wrap.c: In function â€˜rsa_public_encryptâ€™:
SWIG/_m2crypto_wrap.c:5123:10: warning: â€˜flenâ€™ may be used uninitialized in this function [-Wuninitialized]
SWIG/_m2crypto_wrap.c: In function â€˜rsa_private_decryptâ€™:
SWIG/_m2crypto_wrap.c:5148:10: warning: â€˜flenâ€™ may be used uninitialized in this function [-Wuninitialized]
SWIG/_m2crypto_wrap.c: In function â€˜dsa_set_pâ€™:
SWIG/_m2crypto_wrap.c:5405:8: warning: â€˜vlenâ€™ may be used uninitialized in this function [-Wuninitialized]
SWIG/_m2crypto_wrap.c: In function â€˜dsa_set_qâ€™:
SWIG/_m2crypto_wrap.c:5424:8: warning: â€˜vlenâ€™ may be used uninitialized in this function [-Wuninitialized]
SWIG/_m2crypto_wrap.c: In function â€˜dsa_set_gâ€™:
SWIG/_m2crypto_wrap.c:5443:8: warning: â€˜vlenâ€™ may be used uninitialized in this function [-Wuninitialized]
SWIG/_m2crypto_wrap.c: In function â€˜dsa_signâ€™:
SWIG/_m2crypto_wrap.c:5535:8: warning: â€˜vlenâ€™ may be used uninitialized in this function [-Wuninitialized]
SWIG/_m2crypto_wrap.c: In function â€˜dsa_verifyâ€™:
SWIG/_m2crypto_wrap.c:5570:29: warning: â€˜slenâ€™ may be used uninitialized in this function [-Wuninitialized]
SWIG/_m2crypto_wrap.c:5565:29: warning: â€˜rlenâ€™ may be used uninitialized in this function [-Wuninitialized]
SWIG/_m2crypto_wrap.c:5575:9: warning: â€˜vlenâ€™ may be used uninitialized in this function [-Wuninitialized]
SWIG/_m2crypto_wrap.c: In function â€˜dsa_sign_asn1â€™:
SWIG/_m2crypto_wrap.c:5596:18: warning: â€˜vlenâ€™ may be used uninitialized in this function [-Wuninitialized]
SWIG/_m2crypto_wrap.c: In function â€˜dsa_verify_asn1â€™:
SWIG/_m2crypto_wrap.c:5616:8: warning: â€˜slenâ€™ may be used uninitialized in this function [-Wuninitialized]
SWIG/_m2crypto_wrap.c:5616:8: warning: â€˜vlenâ€™ may be used uninitialized in this function [-Wuninitialized]
SWIG/_m2crypto_wrap.c: In function â€˜ssl_ctx_set_session_id_contextâ€™:
SWIG/_m2crypto_wrap.c:5755:42: warning: â€˜lenâ€™ may be used uninitialized in this function [-Wuninitialized]
SWIG/_m2crypto_wrap.c: In function â€˜ssl_set_session_id_contextâ€™:
SWIG/_m2crypto_wrap.c:5824:38: warning: â€˜lenâ€™ may be used uninitialized in this function [-Wuninitialized]
SWIG/_m2crypto_wrap.c: In function â€˜ssl_writeâ€™:
SWIG/_m2crypto_wrap.c:6027:7: warning: â€˜lenâ€™ may be used uninitialized in this function [-Wuninitialized]
SWIG/_m2crypto_wrap.c: In function â€˜ssl_write_nbioâ€™:
SWIG/_m2crypto_wrap.c:6072:7: warning: â€˜lenâ€™ may be used uninitialized in this function [-Wuninitialized]
SWIG/_m2crypto_wrap.c: In function â€˜ecdsa_signâ€™:
SWIG/_m2crypto_wrap.c:6994:8: warning: â€˜vlenâ€™ may be used uninitialized in this function [-Wuninitialized]
SWIG/_m2crypto_wrap.c: In function â€˜ecdsa_verifyâ€™:
SWIG/_m2crypto_wrap.c:7029:19: warning: â€˜slenâ€™ may be used uninitialized in this function [-Wuninitialized]
SWIG/_m2crypto_wrap.c:7024:19: warning: â€˜rlenâ€™ may be used uninitialized in this function [-Wuninitialized]
SWIG/_m2crypto_wrap.c:7034:9: warning: â€˜vlenâ€™ may be used uninitialized in this function [-Wuninitialized]
SWIG/_m2crypto_wrap.c: In function â€˜ecdsa_sign_asn1â€™:
SWIG/_m2crypto_wrap.c:7056:20: warning: â€˜vlenâ€™ may be used uninitialized in this function [-Wuninitialized]
SWIG/_m2crypto_wrap.c: In function â€˜ecdsa_verify_asn1â€™:
SWIG/_m2crypto_wrap.c:7077:8: warning: â€˜slenâ€™ may be used uninitialized in this function [-Wuninitialized]
SWIG/_m2crypto_wrap.c:7077:8: warning: â€˜vlenâ€™ may be used uninitialized in this function [-Wuninitialized]
zip_safe flag not set; analyzing archive contents...
Adding M2Crypto 0.22.3 to easy-install.pth file

Installed /home/travis/virtualenv/python2.7.9/lib/python2.7/site-packages/M2Crypto-0.22.3-py2.7-linux-x86_64.egg
Searching for zope.interface
Reading https://pypi.python.org/simple/zope.interface/
Best match: zope.interface 4.1.2
Downloading https://pypi.python.org/packages/source/z/zope.interface/zope.interface-4.1.2.tar.gz#md5=04298faeaa70b4f3b23fa2ae8987262c
Processing zope.interface-4.1.2.tar.gz
Writing /tmp/easy_install-IJgj1r/zope.interface-4.1.2/setup.cfg
Running zope.interface-4.1.2/setup.py -q bdist_egg --dist-dir /tmp/easy_install-IJgj1r/zope.interface-4.1.2/egg-dist-tmp-DKSZyR
warning: no previously-included files matching '*.dll' found anywhere in distribution
warning: no previously-included files matching '*.pyc' found anywhere in distribution
warning: no previously-included files matching '*.pyo' found anywhere in distribution
warning: no previously-included files matching '*.so' found anywhere in distribution
Adding zope.interface 4.1.2 to easy-install.pth file

Installed /home/travis/virtualenv/python2.7.9/lib/python2.7/site-packages/zope.interface-4.1.2-py2.7-linux-x86_64.egg
Searching for zope.component
Reading https://pypi.python.org/simple/zope.component/
Best match: zope.component 4.2.1
Downloading https://pypi.python.org/packages/source/z/zope.component/zope.component-4.2.1.tar.gz#md5=cf55d496428d976f9329a4a2330a8b54
Processing zope.component-4.2.1.tar.gz
Writing /tmp/easy_install-g6_JKh/zope.component-4.2.1/setup.cfg
Running zope.component-4.2.1/setup.py -q bdist_egg --dist-dir /tmp/easy_install-g6_JKh/zope.component-4.2.1/egg-dist-tmp-oltMHH
warning: no previously-included files matching '*.dll' found anywhere in distribution
warning: no previously-included files matching '*.pyc' found anywhere in distribution
warning: no previously-included files matching '*.pyo' found anywhere in distribution
warning: no previously-included files matching '*.so' found anywhere in distribution
Adding zope.component 4.2.1 to easy-install.pth file

Installed /home/travis/virtualenv/python2.7.9/lib/python2.7/site-packages/zope.component-4.2.1-py2.7.egg
Searching for requests
Reading https://pypi.python.org/simple/requests/
Best match: requests 2.5.1
Downloading https://pypi.python.org/packages/source/r/requests/requests-2.5.1.tar.gz#md5=c270eb5551a02e8ab7a4cbb83e22af2e
Processing requests-2.5.1.tar.gz
Writing /tmp/easy_install-BbKPWD/requests-2.5.1/setup.cfg
Running requests-2.5.1/setup.py -q bdist_egg --dist-dir /tmp/easy_install-BbKPWD/requests-2.5.1/egg-dist-tmp-hrbN5o
Adding requests 2.5.1 to easy-install.pth file

Installed /home/travis/virtualenv/python2.7.9/lib/python2.7/site-packages/requests-2.5.1-py2.7.egg
Searching for python2-pythondialog
Reading https://pypi.python.org/simple/python2-pythondialog/
Best match: python2-pythondialog 3.0.1
Downloading https://pypi.python.org/packages/source/p/python2-pythondialog/python2-pythondialog-3.0.1.tar.gz#md5=89d8cc7cee4ccfc418969feaff5e9192
Processing python2-pythondialog-3.0.1.tar.gz
Writing /tmp/easy_install-HCPzjo/python2-pythondialog-3.0.1/setup.cfg
Running python2-pythondialog-3.0.1/setup.py -q bdist_egg --dist-dir /tmp/easy_install-HCPzjo/python2-pythondialog-3.0.1/egg-dist-tmp-HFF41N
No .git directory, using the 'ChangeLog' file as is.
zip_safe flag not set; analyzing archive contents...
Adding python2-pythondialog 3.0.1 to easy-install.pth file

Installed /home/travis/virtualenv/python2.7.9/lib/python2.7/site-packages/python2_pythondialog-3.0.1-py2.7.egg
Searching for python-augeas
Reading https://pypi.python.org/simple/python-augeas/
Best match: python-augeas 0.5.0
Downloading https://pypi.python.org/packages/source/p/python-augeas/python-augeas-0.5.0.tar.gz#md5=2d5a903467410b8d60abca5fa54bae2d
Processing python-augeas-0.5.0.tar.gz
Writing /tmp/easy_install-l3Xv6K/python-augeas-0.5.0/setup.cfg
Running python-augeas-0.5.0/setup.py -q bdist_egg --dist-dir /tmp/easy_install-l3Xv6K/python-augeas-0.5.0/egg-dist-tmp-tlTDXN
zip_safe flag not set; analyzing archive contents...
Adding python-augeas 0.5.0 to easy-install.pth file

Installed /home/travis/virtualenv/python2.7.9/lib/python2.7/site-packages/python_augeas-0.5.0-py2.7.egg
Searching for pycrypto
Reading https://pypi.python.org/simple/pycrypto/
Best match: pycrypto 2.6.1
Downloading https://pypi.python.org/packages/source/p/pycrypto/pycrypto-2.6.1.tar.gz#md5=55a61a054aa66812daf5161a0d5d7eda
Processing pycrypto-2.6.1.tar.gz
Writing /tmp/easy_install-B1k76L/pycrypto-2.6.1/setup.cfg
Running pycrypto-2.6.1/setup.py -q bdist_egg --dist-dir /tmp/easy_install-B1k76L/pycrypto-2.6.1/egg-dist-tmp-8mnAee
warning: GMP or MPIR library not found; Not building Crypto.PublicKey._fastmath.
zip_safe flag not set; analyzing archive contents...
Adding pycrypto 2.6.1 to easy-install.pth file

Installed /home/travis/virtualenv/python2.7.9/lib/python2.7/site-packages/pycrypto-2.6.1-py2.7-linux-x86_64.egg
Searching for jsonschema
Reading https://pypi.python.org/simple/jsonschema/
Best match: jsonschema 2.4.0
Downloading https://pypi.python.org/packages/source/j/jsonschema/jsonschema-2.4.0.zip#md5=f645c88123189976058fcf550c02e50f
Processing jsonschema-2.4.0.zip
Writing /tmp/easy_install-Dt6Hul/jsonschema-2.4.0/setup.cfg
Running jsonschema-2.4.0/setup.py -q bdist_egg --dist-dir /tmp/easy_install-Dt6Hul/jsonschema-2.4.0/egg-dist-tmp-H8FmRj
zip_safe flag not set; analyzing archive contents...
jsonschema.tests.test_jsonschema_test_suite: module references __file__
Adding jsonschema 2.4.0 to easy-install.pth file
Installing jsonschema script to /home/travis/virtualenv/python2.7.9/bin

Installed /home/travis/virtualenv/python2.7.9/lib/python2.7/site-packages/jsonschema-2.4.0-py2.7.egg
Searching for argparse
Reading https://pypi.python.org/simple/argparse/
Best match: argparse 1.3.0
Downloading https://pypi.python.org/packages/source/a/argparse/argparse-1.3.0.tar.gz#md5=9bcf7f612190885c8c85e30ba41db3c7
Processing argparse-1.3.0.tar.gz
Writing /tmp/easy_install-m29o_a/argparse-1.3.0/setup.cfg
Running argparse-1.3.0/setup.py -q bdist_egg --dist-dir /tmp/easy_install-m29o_a/argparse-1.3.0/egg-dist-tmp-lKY8rw
warning: no previously-included files matching '*.pyc' found anywhere in distribution
warning: no previously-included files matching '*.pyo' found anywhere in distribution
warning: no previously-included files matching '*.orig' found anywhere in distribution
warning: no previously-included files matching '*.rej' found anywhere in distribution
no previously-included directories found matching 'doc/_build'
no previously-included directories found matching 'env24'
no previously-included directories found matching 'env25'
no previously-included directories found matching 'env26'
no previously-included directories found matching 'env27'
zip_safe flag not set; analyzing archive contents...
Adding argparse 1.3.0 to easy-install.pth file

Installed /home/travis/virtualenv/python2.7.9/lib/python2.7/site-packages/argparse-1.3.0-py2.7.egg
Searching for zope.event
Reading https://pypi.python.org/simple/zope.event/
Best match: zope.event 4.0.3
Downloading https://pypi.python.org/packages/source/z/zope.event/zope.event-4.0.3.tar.gz#md5=9a3780916332b18b8b85f522bcc3e249
Processing zope.event-4.0.3.tar.gz
Writing /tmp/easy_install-UBqHJM/zope.event-4.0.3/setup.cfg
Running zope.event-4.0.3/setup.py -q bdist_egg --dist-dir /tmp/easy_install-UBqHJM/zope.event-4.0.3/egg-dist-tmp-_7BJn3
warning: no previously-included files matching '*.dll' found anywhere in distribution
warning: no previously-included files matching '*.pyc' found anywhere in distribution
warning: no previously-included files matching '*.pyo' found anywhere in distribution
warning: no previously-included files matching '*.so' found anywhere in distribution
Adding zope.event 4.0.3 to easy-install.pth file

Installed /home/travis/virtualenv/python2.7.9/lib/python2.7/site-packages/zope.event-4.0.3-py2.7.egg
Searching for mock==1.0.1
Best match: mock 1.0.1
Adding mock 1.0.1 to easy-install.pth file

Using /home/travis/virtualenv/python2.7.9/lib/python2.7/site-packages
Searching for setuptools==3.6
Best match: setuptools 3.6
Adding setuptools 3.6 to easy-install.pth file
Installing easy_install-3.4 script to /home/travis/virtualenv/python2.7.9/bin
Installing easy_install script to /home/travis/virtualenv/python2.7.9/bin

Using /home/travis/virtualenv/python2.7.9/lib/python2.7/site-packages
Finished processing dependencies for letsencrypt==0.1
running easy_install
Searching for letsencrypt[testing]
Best match: letsencrypt 0.1
letsencrypt 0.1 is already the active version in easy-install.pth
Installing letsencrypt script to /home/travis/virtualenv/python2.7.9/bin

Using /home/travis/build/letsencrypt/lets-encrypt-preview
Processing dependencies for letsencrypt[testing]
Searching for tox
Reading https://pypi.python.org/simple/tox/
Best match: tox 1.8.1
Downloading https://pypi.python.org/packages/source/t/tox/tox-1.8.1.tar.gz#md5=c4423cc6512932b37e5b0d1faa87bef2
Processing tox-1.8.1.tar.gz
Writing /tmp/easy_install-kWi9CB/tox-1.8.1/setup.cfg
Running tox-1.8.1/setup.py -q bdist_egg --dist-dir /tmp/easy_install-kWi9CB/tox-1.8.1/egg-dist-tmp-tWeHZe
zip_safe flag not set; analyzing archive contents...
tox._pytestplugin: module references __file__
tox.interpreters: module MAY be using inspect.getsource
tox._config: module references __file__
tox._cmdline: module references __file__
Adding tox 1.8.1 to easy-install.pth file
Installing tox script to /home/travis/virtualenv/python2.7.9/bin
Installing tox-quickstart script to /home/travis/virtualenv/python2.7.9/bin

Installed /home/travis/virtualenv/python2.7.9/lib/python2.7/site-packages/tox-1.8.1-py2.7.egg
Searching for pylint>=1.4.0
Reading https://pypi.python.org/simple/pylint/
Best match: pylint 1.4.1
Downloading https://pypi.python.org/packages/source/p/pylint/pylint-1.4.1.tar.gz#md5=df7c679bdcce5019389038847e4de622
Processing pylint-1.4.1.tar.gz
Writing /tmp/easy_install-I5Yfyx/pylint-1.4.1/setup.cfg
Running pylint-1.4.1/setup.py -q bdist_egg --dist-dir /tmp/easy_install-I5Yfyx/pylint-1.4.1/egg-dist-tmp-L4r4k2
warning: no files found matching '*.html' under directory 'doc'
warning: no files found matching '*.sh' under directory 'test'
zip_safe flag not set; analyzing archive contents...
pylint.epylint: module references __file__
pylint.checkers.__init__: module references __path__
pylint.reporters.__init__: module references __path__
  File "/home/travis/virtualenv/python2.7.9/lib/python2.7/site-packages/pylint-1.4.1-py2.7.egg/pylint/test/input/func_kwoa_py30.py", line 3
    def function(*, foo):
                  ^
SyntaxError: invalid syntax

SyntaxError: 'return' with argument inside generator (func_return_yield_mix_py_33.py, line 8)

  File "/home/travis/virtualenv/python2.7.9/lib/python2.7/site-packages/pylint-1.4.1-py2.7.egg/pylint/test/input/func_used_before_assignment_py30.py", line 10
    nonlocal cnt
               ^
SyntaxError: invalid syntax

  File "/home/travis/virtualenv/python2.7.9/lib/python2.7/site-packages/pylint-1.4.1-py2.7.egg/pylint/test/input/func_bad_exception_context_py30.py", line 14
    raise IndexError from 1
                        ^
SyntaxError: invalid syntax

  File "/home/travis/virtualenv/python2.7.9/lib/python2.7/site-packages/pylint-1.4.1-py2.7.egg/pylint/test/input/func_w0705.py", line 28
    __revision__ += 1
SyntaxError: default 'except:' must be last

  File "/home/travis/virtualenv/python2.7.9/lib/python2.7/site-packages/pylint-1.4.1-py2.7.egg/pylint/test/input/func_3k_removed_stuff_py_30.py", line 4
    from __future__ import generators, print_function
SyntaxError: from __future__ imports must occur at the beginning of the file

  File "/home/travis/virtualenv/python2.7.9/lib/python2.7/site-packages/pylint-1.4.1-py2.7.egg/pylint/test/input/func_keyword_repeat.py", line 8
    function_default_arg(two=5, two=7)
SyntaxError: keyword argument repeated

  File "/home/travis/virtualenv/python2.7.9/lib/python2.7/site-packages/pylint-1.4.1-py2.7.egg/pylint/test/input/func_exec_used_py30.py", line 6
    exec('a = 1', globals={})
                         ^
SyntaxError: invalid syntax

  File "/home/travis/virtualenv/python2.7.9/lib/python2.7/site-packages/pylint-1.4.1-py2.7.egg/pylint/test/input/func_continue_not_in_loop.py", line 8
    continue
SyntaxError: 'continue' not properly in loop

  File "/home/travis/virtualenv/python2.7.9/lib/python2.7/site-packages/pylint-1.4.1-py2.7.egg/pylint/test/input/func_return_outside_func.py", line 3
    return
SyntaxError: 'return' outside function

Sorry: IndentationError: expected an indented block (syntax_error.py, line 2)
SyntaxError: duplicate argument '_' in function definition (func_e0108.py, line 4)

  File "/home/travis/virtualenv/python2.7.9/lib/python2.7/site-packages/pylint-1.4.1-py2.7.egg/pylint/test/input/func_syntax_error.py", line 1
    def toto
           ^
SyntaxError: invalid syntax

  File "/home/travis/virtualenv/python2.7.9/lib/python2.7/site-packages/pylint-1.4.1-py2.7.egg/pylint/test/input/func_unused_import_py30.py", line 10
    class Meta(metaclass=abc.ABCMeta):
                        ^
SyntaxError: invalid syntax

/home/travis/virtualenv/python2.7.9/lib/python2.7/site-packages/pylint-1.4.1-py2.7.egg/pylint/test/input/func_assert_2uple.py:4: SyntaxWarning: assertion is always true, perhaps remove parentheses?
  assert (1 == 1, 2 == 2), "no error"
/home/travis/virtualenv/python2.7.9/lib/python2.7/site-packages/pylint-1.4.1-py2.7.egg/pylint/test/input/func_assert_2uple.py:5: SyntaxWarning: assertion is always true, perhaps remove parentheses?
  assert (1 == 1, 2 == 2) #this should generate a warning
/home/travis/virtualenv/python2.7.9/lib/python2.7/site-packages/pylint-1.4.1-py2.7.egg/pylint/test/input/func_assert_2uple.py:7: SyntaxWarning: assertion is always true, perhaps remove parentheses?
  assert (1 == 1, ), "no error"
/home/travis/virtualenv/python2.7.9/lib/python2.7/site-packages/pylint-1.4.1-py2.7.egg/pylint/test/input/func_assert_2uple.py:8: SyntaxWarning: assertion is always true, perhaps remove parentheses?
  assert (1 == 1, )
/home/travis/virtualenv/python2.7.9/lib/python2.7/site-packages/pylint-1.4.1-py2.7.egg/pylint/test/input/func_assert_2uple.py:9: SyntaxWarning: assertion is always true, perhaps remove parentheses?
  assert (1 == 1, 2 == 2, 3 == 5), "no error"
/home/travis/virtualenv/python2.7.9/lib/python2.7/site-packages/pylint-1.4.1-py2.7.egg/pylint/test/input/func_assert_2uple.py:11: SyntaxWarning: assertion is always true, perhaps remove parentheses?
  assert (True, 'error msg') #this should generate a warning
  File "/home/travis/virtualenv/python2.7.9/lib/python2.7/site-packages/pylint-1.4.1-py2.7.egg/pylint/test/input/func_noerror_unused_variable_py30.py", line 12
    nonlocal attr
                ^
SyntaxError: invalid syntax

  File "/home/travis/virtualenv/python2.7.9/lib/python2.7/site-packages/pylint-1.4.1-py2.7.egg/pylint/test/input/func_undefined_metaclass_var_py30.py", line 8
    class Bad(metaclass=ABCMet):
                       ^
SyntaxError: invalid syntax

  File "/home/travis/virtualenv/python2.7.9/lib/python2.7/site-packages/pylint-1.4.1-py2.7.egg/pylint/test/functional/unknown_encoding_py30.py", line 0
SyntaxError: unknown encoding: IBO-8859-1

  File "/home/travis/virtualenv/python2.7.9/lib/python2.7/site-packages/pylint-1.4.1-py2.7.egg/pylint/test/functional/abstract_method_py3.py", line 36
    class Structure(object, metaclass=abc.ABCMeta):
                                     ^
SyntaxError: invalid syntax

  File "/home/travis/virtualenv/python2.7.9/lib/python2.7/site-packages/pylint-1.4.1-py2.7.egg/pylint/test/functional/raising_non_exception_py3.py", line 13
    raise Exc from missing # [raising-non-exception]
                 ^
SyntaxError: invalid syntax

  File "/home/travis/virtualenv/python2.7.9/lib/python2.7/site-packages/pylint-1.4.1-py2.7.egg/pylint/test/functional/unbalanced_tuple_unpacking_py30.py", line 9
    first, second, *last = (1, 2, 3, 4)
                   ^
SyntaxError: invalid syntax

  File "/home/travis/virtualenv/python2.7.9/lib/python2.7/site-packages/pylint-1.4.1-py2.7.egg/pylint/test/functional/unknown_encoding_py29.py", line 0
SyntaxError: unknown encoding: IBO-8859-1

  File "/home/travis/virtualenv/python2.7.9/lib/python2.7/site-packages/pylint-1.4.1-py2.7.egg/pylint/test/functional/undefined_variable_py30.py", line 8
    def test(self)->Undefined: # [undefined-variable]
                  ^
SyntaxError: invalid syntax

  File "/home/travis/virtualenv/python2.7.9/lib/python2.7/site-packages/pylint-1.4.1-py2.7.egg/pylint/test/functional/unknown_encoding_pypy.py", line 0
SyntaxError: unknown encoding: IBO-8859-1

  File "/home/travis/virtualenv/python2.7.9/lib/python2.7/site-packages/pylint-1.4.1-py2.7.egg/pylint/test/functional/class_members_py30.py", line 34
    class TestMetaclass(object, metaclass=ABCMeta):
                                         ^
SyntaxError: invalid syntax

  File "/home/travis/virtualenv/python2.7.9/lib/python2.7/site-packages/pylint-1.4.1-py2.7.egg/pylint/test/functional/abstract_class_instantiated_py3.py", line 15
    class GoodClass(object, metaclass=abc.ABCMeta):
                                     ^
SyntaxError: invalid syntax

  File "/home/travis/virtualenv/python2.7.9/lib/python2.7/site-packages/pylint-1.4.1-py2.7.egg/pylint/test/functional/yield_outside_func.py", line 2
    yield 1  # [yield-outside-function]
SyntaxError: 'yield' outside function

Adding pylint 1.4.1 to easy-install.pth file
Installing pylint-gui script to /home/travis/virtualenv/python2.7.9/bin
Installing epylint script to /home/travis/virtualenv/python2.7.9/bin
Installing pylint script to /home/travis/virtualenv/python2.7.9/bin
Installing pyreverse script to /home/travis/virtualenv/python2.7.9/bin
Installing symilar script to /home/travis/virtualenv/python2.7.9/bin
Installing pyreverse script to /home/travis/virtualenv/python2.7.9/bin
Installing pylint script to /home/travis/virtualenv/python2.7.9/bin
Installing epylint script to /home/travis/virtualenv/python2.7.9/bin
Installing pylint-gui script to /home/travis/virtualenv/python2.7.9/bin
Installing symilar script to /home/travis/virtualenv/python2.7.9/bin

Installed /home/travis/virtualenv/python2.7.9/lib/python2.7/site-packages/pylint-1.4.1-py2.7.egg
Searching for nosexcover
Reading https://pypi.python.org/simple/nosexcover/
Best match: nosexcover 1.0.10
Downloading https://pypi.python.org/packages/source/n/nosexcover/nosexcover-1.0.10.tar.gz#md5=12bf494a801b376debeb6a167c247391
Processing nosexcover-1.0.10.tar.gz
Writing /tmp/easy_install-JeKyoJ/nosexcover-1.0.10/setup.cfg
Running nosexcover-1.0.10/setup.py -q bdist_egg --dist-dir /tmp/easy_install-JeKyoJ/nosexcover-1.0.10/egg-dist-tmp-xjeZBk
Adding nosexcover 1.0.10 to easy-install.pth file

Installed /home/travis/virtualenv/python2.7.9/lib/python2.7/site-packages/nosexcover-1.0.10-py2.7.egg
Searching for coverage
Reading https://pypi.python.org/simple/coverage/
Best match: coverage 4.0a4
Downloading https://pypi.python.org/packages/source/c/coverage/coverage-4.0a4.tar.gz#md5=45de910744680301d41e84454bd30b3a
Processing coverage-4.0a4.tar.gz
Writing /tmp/easy_install-Ez8jl0/coverage-4.0a4/setup.cfg
Running coverage-4.0a4/setup.py -q bdist_egg --dist-dir /tmp/easy_install-Ez8jl0/coverage-4.0a4/egg-dist-tmp-HPHWs1
warning: no previously-included files matching '*.pyc' found anywhere in distribution
Adding coverage 4.0a4 to easy-install.pth file
Installing coverage2 script to /home/travis/virtualenv/python2.7.9/bin
Installing coverage-2.7 script to /home/travis/virtualenv/python2.7.9/bin
Installing coverage script to /home/travis/virtualenv/python2.7.9/bin

Installed /home/travis/virtualenv/python2.7.9/lib/python2.7/site-packages/coverage-4.0a4-py2.7-linux-x86_64.egg
Searching for virtualenv>=1.11.2
Reading https://pypi.python.org/simple/virtualenv/
Best match: virtualenv 12.0.6
Downloading https://pypi.python.org/packages/source/v/virtualenv/virtualenv-12.0.6.tar.gz#md5=7b111afe2a64d0f4573112003d82f1f0
Processing virtualenv-12.0.6.tar.gz
Writing /tmp/easy_install-BipNEM/virtualenv-12.0.6/setup.cfg
Running virtualenv-12.0.6/setup.py -q bdist_egg --dist-dir /tmp/easy_install-BipNEM/virtualenv-12.0.6/egg-dist-tmp-27tIft
warning: no previously-included files matching '*' found under directory 'docs/_templates'
warning: no previously-included files matching '*' found under directory 'docs/_build'
Adding virtualenv 12.0.6 to easy-install.pth file
Installing virtualenv script to /home/travis/virtualenv/python2.7.9/bin
Installing virtualenv-2.7 script to /home/travis/virtualenv/python2.7.9/bin

Installed /home/travis/virtualenv/python2.7.9/lib/python2.7/site-packages/virtualenv-12.0.6-py2.7.egg
Searching for six
Reading https://pypi.python.org/simple/six/
Best match: six 1.9.0
Downloading https://pypi.python.org/packages/source/s/six/six-1.9.0.tar.gz#md5=476881ef4012262dfc8adc645ee786c4
Processing six-1.9.0.tar.gz
Writing /tmp/easy_install-zmZkYh/six-1.9.0/setup.cfg
Running six-1.9.0/setup.py -q bdist_egg --dist-dir /tmp/easy_install-zmZkYh/six-1.9.0/egg-dist-tmp-Y8E_mB
no previously-included directories found matching 'documentation/_build'
zip_safe flag not set; analyzing archive contents...
six: module references __path__
Adding six 1.9.0 to easy-install.pth file

Installed /home/travis/virtualenv/python2.7.9/lib/python2.7/site-packages/six-1.9.0-py2.7.egg
Searching for astroid>=1.3.3
Reading https://pypi.python.org/simple/astroid/
Best match: astroid 1.3.4
Downloading https://pypi.python.org/packages/source/a/astroid/astroid-1.3.4.tar.gz#md5=24e89453422bc39b0e1a9e4d7e0a1b0f
Processing astroid-1.3.4.tar.gz
Writing /tmp/easy_install-oYpcrU/astroid-1.3.4/setup.cfg
Running astroid-1.3.4/setup.py -q bdist_egg --dist-dir /tmp/easy_install-oYpcrU/astroid-1.3.4/egg-dist-tmp-KPYg_I
zip_safe flag not set; analyzing archive contents...
astroid.__init__: module references __file__
astroid.builder: module references __file__
astroid.modutils: module references __file__
astroid.modutils: module references __path__
astroid.raw_building: module references __file__
astroid.raw_building: module references __path__
astroid.manager: module references __file__
astroid.scoped_nodes: module references __file__
astroid.scoped_nodes: module references __path__
astroid.tests.unittest_inference: module references __file__
astroid.tests.unittest_modutils: module references __file__
astroid.tests.unittest_modutils: module references __path__
astroid.tests.unittest_utils: module references __file__
astroid.tests.unittest_manager: module references __file__
astroid.tests.unittest_regrtest: module references __file__
astroid.tests.unittest_scoped_nodes: module references __file__
astroid.tests.unittest_scoped_nodes: module references __path__
astroid.tests.unittest_lookup: module references __path__
  File "/home/travis/virtualenv/python2.7.9/lib/python2.7/site-packages/astroid-1.3.4-py2.7.egg/astroid/tests/testdata/python3/data/module.py", line 55
    print('yo', end=' ')
                   ^
SyntaxError: invalid syntax

  File "/home/travis/virtualenv/python2.7.9/lib/python2.7/site-packages/astroid-1.3.4-py2.7.egg/astroid/tests/testdata/python3/data/module2.py", line 100
    print('bonjour', file=stream)
                         ^
SyntaxError: invalid syntax

Adding astroid 1.3.4 to easy-install.pth file

Installed /home/travis/virtualenv/python2.7.9/lib/python2.7/site-packages/astroid-1.3.4-py2.7.egg
Searching for logilab-common>=0.53.0
Reading https://pypi.python.org/simple/logilab-common/
Best match: logilab-common 0.63.2
Downloading https://pypi.python.org/packages/source/l/logilab-common/logilab-common-0.63.2.tar.gz#md5=2bf4599ae1f2ccf4603ca02c5d7e798e
Processing logilab-common-0.63.2.tar.gz
Writing /tmp/easy_install-GZzcAF/logilab-common-0.63.2/setup.cfg
Running logilab-common-0.63.2/setup.py -q bdist_egg --dist-dir /tmp/easy_install-GZzcAF/logilab-common-0.63.2/egg-dist-tmp-6ORr_Y
/opt/python/2.7.9/lib/python2.7/distutils/dist.py:267: UserWarning: Unknown distribution option: 'test_require'
  warnings.warn(msg)
package init file './test/__init__.py' not found (or not a regular file)
package init file './test/__init__.py' not found (or not a regular file)
package init file './test/__init__.py' not found (or not a regular file)
zip_safe flag not set; analyzing archive contents...
logilab.common.testlib: module references __file__
logilab.common.testlib: module MAY be using inspect.getinnerframes
logilab.common.modutils: module references __file__
logilab.common.modutils: module references __path__
logilab.common.registry: module references __file__
logilab.common.pytest: module references __file__
logilab.common.debugger: module MAY be using inspect.getsource
logilab.common.test.unittest_configuration: module references __file__
logilab.common.test.unittest_shellutils: module references __file__
logilab.common.test.unittest_modutils: module references __file__
logilab.common.test.unittest_modutils: module references __path__
logilab.common.test.unittest_changelog: module references __file__
logilab.common.test.unittest_fileutils: module references __file__
logilab.common.test.unittest_umessage: module references __file__
logilab.common.test.unittest_testlib: module references __file__
Adding logilab-common 0.63.2 to easy-install.pth file
Installing pytest script to /home/travis/virtualenv/python2.7.9/bin

Installed /home/travis/virtualenv/python2.7.9/lib/python2.7/site-packages/logilab_common-0.63.2-py2.7.egg
Finished processing dependencies for letsencrypt[testing]
travis_time:end:024a06e0:start=1422532343520148476,finish=1422532376516103063,duration=32995954587[0Ktravis_fold:end:install[0Ktravis_time:start:0ea45651[0K$ travis_retry tox
[1mGLOB sdist-make: /home/travis/build/letsencrypt/lets-encrypt-preview/setup.py[0m
[1mlint create: /home/travis/build/letsencrypt/lets-encrypt-preview/.tox/lint[0m
[1mlint inst: /home/travis/build/letsencrypt/lets-encrypt-preview/.tox/dist/letsencrypt-0.1.zip[0m
[1mlint runtests: PYTHONHASHSEED='1049560097'[0m
[1mlint runtests: commands[0] | python setup.py dev[0m
running develop
running egg_info
writing letsencrypt.egg-info/PKG-INFO
writing dependency_links to letsencrypt.egg-info/dependency_links.txt
writing entry points to letsencrypt.egg-info/entry_points.txt
writing requirements to letsencrypt.egg-info/requires.txt
writing top-level names to letsencrypt.egg-info/top_level.txt
reading manifest file 'letsencrypt.egg-info/SOURCES.txt'
reading manifest template 'MANIFEST.in'
writing manifest file 'letsencrypt.egg-info/SOURCES.txt'
running build_ext
Creating /home/travis/build/letsencrypt/lets-encrypt-preview/.tox/lint/lib/python2.7/site-packages/letsencrypt.egg-link (link to .)
Adding letsencrypt 0.1 to easy-install.pth file
Installing letsencrypt script to /home/travis/build/letsencrypt/lets-encrypt-preview/.tox/lint/bin

Installed /home/travis/build/letsencrypt/lets-encrypt-preview
Processing dependencies for letsencrypt==0.1
Searching for M2Crypto==0.22.3
Best match: M2Crypto 0.22.3
Adding M2Crypto 0.22.3 to easy-install.pth file

Using /home/travis/build/letsencrypt/lets-encrypt-preview/.tox/lint/lib/python2.7/site-packages
Searching for zope.interface==4.1.2
Best match: zope.interface 4.1.2
Adding zope.interface 4.1.2 to easy-install.pth file

Using /home/travis/build/letsencrypt/lets-encrypt-preview/.tox/lint/lib/python2.7/site-packages
Searching for zope.component==4.2.1
Best match: zope.component 4.2.1
Adding zope.component 4.2.1 to easy-install.pth file

Using /home/travis/build/letsencrypt/lets-encrypt-preview/.tox/lint/lib/python2.7/site-packages
Searching for requests==2.5.1
Best match: requests 2.5.1
Adding requests 2.5.1 to easy-install.pth file

Using /home/travis/build/letsencrypt/lets-encrypt-preview/.tox/lint/lib/python2.7/site-packages
Searching for python2-pythondialog==3.0.1
Best match: python2-pythondialog 3.0.1
Adding python2-pythondialog 3.0.1 to easy-install.pth file

Using /home/travis/build/letsencrypt/lets-encrypt-preview/.tox/lint/lib/python2.7/site-packages
Searching for python-augeas==0.5.0
Best match: python-augeas 0.5.0
Adding python-augeas 0.5.0 to easy-install.pth file

Using /home/travis/build/letsencrypt/lets-encrypt-preview/.tox/lint/lib/python2.7/site-packages
Searching for pycrypto==2.6.1
Best match: pycrypto 2.6.1
Adding pycrypto 2.6.1 to easy-install.pth file

Using /home/travis/build/letsencrypt/lets-encrypt-preview/.tox/lint/lib/python2.7/site-packages
Searching for mock==1.0.1
Best match: mock 1.0.1
Adding mock 1.0.1 to easy-install.pth file

Using /home/travis/build/letsencrypt/lets-encrypt-preview/.tox/lint/lib/python2.7/site-packages
Searching for jsonschema==2.4.0
Best match: jsonschema 2.4.0
Adding jsonschema 2.4.0 to easy-install.pth file
Installing jsonschema script to /home/travis/build/letsencrypt/lets-encrypt-preview/.tox/lint/bin

Using /home/travis/build/letsencrypt/lets-encrypt-preview/.tox/lint/lib/python2.7/site-packages
Searching for argparse==1.3.0
Best match: argparse 1.3.0
Adding argparse 1.3.0 to easy-install.pth file

Using /home/travis/build/letsencrypt/lets-encrypt-preview/.tox/lint/lib/python2.7/site-packages
Searching for setuptools==12.0.5
Best match: setuptools 12.0.5
Adding setuptools 12.0.5 to easy-install.pth file
Installing easy_install-3.4 script to /home/travis/build/letsencrypt/lets-encrypt-preview/.tox/lint/bin
Installing easy_install script to /home/travis/build/letsencrypt/lets-encrypt-preview/.tox/lint/bin

Using /home/travis/build/letsencrypt/lets-encrypt-preview/.tox/lint/lib/python2.7/site-packages
Searching for zope.event==4.0.3
Best match: zope.event 4.0.3
Adding zope.event 4.0.3 to easy-install.pth file

Using /home/travis/build/letsencrypt/lets-encrypt-preview/.tox/lint/lib/python2.7/site-packages
Finished processing dependencies for letsencrypt==0.1
running easy_install
Searching for letsencrypt[testing]
Best match: letsencrypt 0.1
Removing letsencrypt 0.1 from easy-install.pth file
Adding letsencrypt 0.1 to easy-install.pth file
Installing letsencrypt script to /home/travis/build/letsencrypt/lets-encrypt-preview/.tox/lint/bin

Using /home/travis/build/letsencrypt/lets-encrypt-preview/.tox/lint/lib/python2.7/site-packages
Processing dependencies for letsencrypt[testing]
Searching for tox
Reading https://pypi.python.org/simple/tox/
Best match: tox 1.8.1
Downloading https://pypi.python.org/packages/source/t/tox/tox-1.8.1.tar.gz#md5=c4423cc6512932b37e5b0d1faa87bef2
Processing tox-1.8.1.tar.gz
Writing /tmp/easy_install-m8PeuZ/tox-1.8.1/setup.cfg
Running tox-1.8.1/setup.py -q bdist_egg --dist-dir /tmp/easy_install-m8PeuZ/tox-1.8.1/egg-dist-tmp-FDOxVz
zip_safe flag not set; analyzing archive contents...
tox._pytestplugin: module references __file__
tox.interpreters: module MAY be using inspect.getsource
tox._config: module references __file__
tox._cmdline: module references __file__
creating /home/travis/build/letsencrypt/lets-encrypt-preview/.tox/lint/lib/python2.7/site-packages/tox-1.8.1-py2.7.egg
Extracting tox-1.8.1-py2.7.egg to /home/travis/build/letsencrypt/lets-encrypt-preview/.tox/lint/lib/python2.7/site-packages
Adding tox 1.8.1 to easy-install.pth file
Installing tox script to /home/travis/build/letsencrypt/lets-encrypt-preview/.tox/lint/bin
Installing tox-quickstart script to /home/travis/build/letsencrypt/lets-encrypt-preview/.tox/lint/bin

Installed /home/travis/build/letsencrypt/lets-encrypt-preview/.tox/lint/lib/python2.7/site-packages/tox-1.8.1-py2.7.egg
Searching for pylint>=1.4.0
Reading https://pypi.python.org/simple/pylint/
Best match: pylint 1.4.1
Downloading https://pypi.python.org/packages/source/p/pylint/pylint-1.4.1.tar.gz#md5=df7c679bdcce5019389038847e4de622
Processing pylint-1.4.1.tar.gz
Writing /tmp/easy_install-VKoHmp/pylint-1.4.1/setup.cfg
Running pylint-1.4.1/setup.py -q bdist_egg --dist-dir /tmp/easy_install-VKoHmp/pylint-1.4.1/egg-dist-tmp-2dMTdk
warning: no files found matching '*.html' under directory 'doc'
warning: no files found matching '*.sh' under directory 'test'
zip_safe flag not set; analyzing archive contents...
pylint.epylint: module references __file__
pylint.checkers.__init__: module references __path__
pylint.reporters.__init__: module references __path__
creating /home/travis/build/letsencrypt/lets-encrypt-preview/.tox/lint/lib/python2.7/site-packages/pylint-1.4.1-py2.7.egg
Extracting pylint-1.4.1-py2.7.egg to /home/travis/build/letsencrypt/lets-encrypt-preview/.tox/lint/lib/python2.7/site-packages
  File "/home/travis/build/letsencrypt/lets-encrypt-preview/.tox/lint/lib/python2.7/site-packages/pylint-1.4.1-py2.7.egg/pylint/test/input/func_kwoa_py30.py", line 3
    def function(*, foo):
                  ^
SyntaxError: invalid syntax

SyntaxError: 'return' with argument inside generator (func_return_yield_mix_py_33.py, line 8)

  File "/home/travis/build/letsencrypt/lets-encrypt-preview/.tox/lint/lib/python2.7/site-packages/pylint-1.4.1-py2.7.egg/pylint/test/input/func_used_before_assignment_py30.py", line 10
    nonlocal cnt
               ^
SyntaxError: invalid syntax

  File "/home/travis/build/letsencrypt/lets-encrypt-preview/.tox/lint/lib/python2.7/site-packages/pylint-1.4.1-py2.7.egg/pylint/test/input/func_bad_exception_context_py30.py", line 14
    raise IndexError from 1
                        ^
SyntaxError: invalid syntax

  File "/home/travis/build/letsencrypt/lets-encrypt-preview/.tox/lint/lib/python2.7/site-packages/pylint-1.4.1-py2.7.egg/pylint/test/input/func_w0705.py", line 28
    __revision__ += 1
SyntaxError: default 'except:' must be last

  File "/home/travis/build/letsencrypt/lets-encrypt-preview/.tox/lint/lib/python2.7/site-packages/pylint-1.4.1-py2.7.egg/pylint/test/input/func_3k_removed_stuff_py_30.py", line 4
    from __future__ import generators, print_function
SyntaxError: from __future__ imports must occur at the beginning of the file

  File "/home/travis/build/letsencrypt/lets-encrypt-preview/.tox/lint/lib/python2.7/site-packages/pylint-1.4.1-py2.7.egg/pylint/test/input/func_keyword_repeat.py", line 8
    function_default_arg(two=5, two=7)
SyntaxError: keyword argument repeated

  File "/home/travis/build/letsencrypt/lets-encrypt-preview/.tox/lint/lib/python2.7/site-packages/pylint-1.4.1-py2.7.egg/pylint/test/input/func_exec_used_py30.py", line 6
    exec('a = 1', globals={})
                         ^
SyntaxError: invalid syntax

  File "/home/travis/build/letsencrypt/lets-encrypt-preview/.tox/lint/lib/python2.7/site-packages/pylint-1.4.1-py2.7.egg/pylint/test/input/func_continue_not_in_loop.py", line 8
    continue
SyntaxError: 'continue' not properly in loop

  File "/home/travis/build/letsencrypt/lets-encrypt-preview/.tox/lint/lib/python2.7/site-packages/pylint-1.4.1-py2.7.egg/pylint/test/input/func_return_outside_func.py", line 3
    return
SyntaxError: 'return' outside function

Sorry: IndentationError: expected an indented block (syntax_error.py, line 2)
SyntaxError: duplicate argument '_' in function definition (func_e0108.py, line 4)

  File "/home/travis/build/letsencrypt/lets-encrypt-preview/.tox/lint/lib/python2.7/site-packages/pylint-1.4.1-py2.7.egg/pylint/test/input/func_syntax_error.py", line 1
    def toto
           ^
SyntaxError: invalid syntax

  File "/home/travis/build/letsencrypt/lets-encrypt-preview/.tox/lint/lib/python2.7/site-packages/pylint-1.4.1-py2.7.egg/pylint/test/input/func_unused_import_py30.py", line 10
    class Meta(metaclass=abc.ABCMeta):
                        ^
SyntaxError: invalid syntax

/home/travis/build/letsencrypt/lets-encrypt-preview/.tox/lint/lib/python2.7/site-packages/pylint-1.4.1-py2.7.egg/pylint/test/input/func_assert_2uple.py:4: SyntaxWarning: assertion is always true, perhaps remove parentheses?
  assert (1 == 1, 2 == 2), "no error"
/home/travis/build/letsencrypt/lets-encrypt-preview/.tox/lint/lib/python2.7/site-packages/pylint-1.4.1-py2.7.egg/pylint/test/input/func_assert_2uple.py:5: SyntaxWarning: assertion is always true, perhaps remove parentheses?
  assert (1 == 1, 2 == 2) #this should generate a warning
/home/travis/build/letsencrypt/lets-encrypt-preview/.tox/lint/lib/python2.7/site-packages/pylint-1.4.1-py2.7.egg/pylint/test/input/func_assert_2uple.py:7: SyntaxWarning: assertion is always true, perhaps remove parentheses?
  assert (1 == 1, ), "no error"
/home/travis/build/letsencrypt/lets-encrypt-preview/.tox/lint/lib/python2.7/site-packages/pylint-1.4.1-py2.7.egg/pylint/test/input/func_assert_2uple.py:8: SyntaxWarning: assertion is always true, perhaps remove parentheses?
  assert (1 == 1, )
/home/travis/build/letsencrypt/lets-encrypt-preview/.tox/lint/lib/python2.7/site-packages/pylint-1.4.1-py2.7.egg/pylint/test/input/func_assert_2uple.py:9: SyntaxWarning: assertion is always true, perhaps remove parentheses?
  assert (1 == 1, 2 == 2, 3 == 5), "no error"
/home/travis/build/letsencrypt/lets-encrypt-preview/.tox/lint/lib/python2.7/site-packages/pylint-1.4.1-py2.7.egg/pylint/test/input/func_assert_2uple.py:11: SyntaxWarning: assertion is always true, perhaps remove parentheses?
  assert (True, 'error msg') #this should generate a warning
  File "/home/travis/build/letsencrypt/lets-encrypt-preview/.tox/lint/lib/python2.7/site-packages/pylint-1.4.1-py2.7.egg/pylint/test/input/func_noerror_unused_variable_py30.py", line 12
    nonlocal attr
                ^
SyntaxError: invalid syntax

  File "/home/travis/build/letsencrypt/lets-encrypt-preview/.tox/lint/lib/python2.7/site-packages/pylint-1.4.1-py2.7.egg/pylint/test/input/func_undefined_metaclass_var_py30.py", line 8
    class Bad(metaclass=ABCMet):
                       ^
SyntaxError: invalid syntax

  File "/home/travis/build/letsencrypt/lets-encrypt-preview/.tox/lint/lib/python2.7/site-packages/pylint-1.4.1-py2.7.egg/pylint/test/functional/unknown_encoding_py30.py", line 0
SyntaxError: unknown encoding: IBO-8859-1

  File "/home/travis/build/letsencrypt/lets-encrypt-preview/.tox/lint/lib/python2.7/site-packages/pylint-1.4.1-py2.7.egg/pylint/test/functional/abstract_method_py3.py", line 36
    class Structure(object, metaclass=abc.ABCMeta):
                                     ^
SyntaxError: invalid syntax

  File "/home/travis/build/letsencrypt/lets-encrypt-preview/.tox/lint/lib/python2.7/site-packages/pylint-1.4.1-py2.7.egg/pylint/test/functional/raising_non_exception_py3.py", line 13
    raise Exc from missing # [raising-non-exception]
                 ^
SyntaxError: invalid syntax

  File "/home/travis/build/letsencrypt/lets-encrypt-preview/.tox/lint/lib/python2.7/site-packages/pylint-1.4.1-py2.7.egg/pylint/test/functional/unbalanced_tuple_unpacking_py30.py", line 9
    first, second, *last = (1, 2, 3, 4)
                   ^
SyntaxError: invalid syntax

  File "/home/travis/build/letsencrypt/lets-encrypt-preview/.tox/lint/lib/python2.7/site-packages/pylint-1.4.1-py2.7.egg/pylint/test/functional/unknown_encoding_py29.py", line 0
SyntaxError: unknown encoding: IBO-8859-1

  File "/home/travis/build/letsencrypt/lets-encrypt-preview/.tox/lint/lib/python2.7/site-packages/pylint-1.4.1-py2.7.egg/pylint/test/functional/undefined_variable_py30.py", line 8
    def test(self)->Undefined: # [undefined-variable]
                  ^
SyntaxError: invalid syntax

  File "/home/travis/build/letsencrypt/lets-encrypt-preview/.tox/lint/lib/python2.7/site-packages/pylint-1.4.1-py2.7.egg/pylint/test/functional/unknown_encoding_pypy.py", line 0
SyntaxError: unknown encoding: IBO-8859-1

  File "/home/travis/build/letsencrypt/lets-encrypt-preview/.tox/lint/lib/python2.7/site-packages/pylint-1.4.1-py2.7.egg/pylint/test/functional/class_members_py30.py", line 34
    class TestMetaclass(object, metaclass=ABCMeta):
                                         ^
SyntaxError: invalid syntax

  File "/home/travis/build/letsencrypt/lets-encrypt-preview/.tox/lint/lib/python2.7/site-packages/pylint-1.4.1-py2.7.egg/pylint/test/functional/abstract_class_instantiated_py3.py", line 15
    class GoodClass(object, metaclass=abc.ABCMeta):
                                     ^
SyntaxError: invalid syntax

  File "/home/travis/build/letsencrypt/lets-encrypt-preview/.tox/lint/lib/python2.7/site-packages/pylint-1.4.1-py2.7.egg/pylint/test/functional/yield_outside_func.py", line 2
    yield 1  # [yield-outside-function]
SyntaxError: 'yield' outside function

Adding pylint 1.4.1 to easy-install.pth file
Installing pylint-gui script to /home/travis/build/letsencrypt/lets-encrypt-preview/.tox/lint/bin
Installing epylint script to /home/travis/build/letsencrypt/lets-encrypt-preview/.tox/lint/bin
Installing pylint script to /home/travis/build/letsencrypt/lets-encrypt-preview/.tox/lint/bin
Installing pyreverse script to /home/travis/build/letsencrypt/lets-encrypt-preview/.tox/lint/bin
Installing symilar script to /home/travis/build/letsencrypt/lets-encrypt-preview/.tox/lint/bin
Installing pylint script to /home/travis/build/letsencrypt/lets-encrypt-preview/.tox/lint/bin
Installing epylint script to /home/travis/build/letsencrypt/lets-encrypt-preview/.tox/lint/bin
Installing pylint-gui script to /home/travis/build/letsencrypt/lets-encrypt-preview/.tox/lint/bin
Installing symilar script to /home/travis/build/letsencrypt/lets-encrypt-preview/.tox/lint/bin
Installing pyreverse script to /home/travis/build/letsencrypt/lets-encrypt-preview/.tox/lint/bin

Installed /home/travis/build/letsencrypt/lets-encrypt-preview/.tox/lint/lib/python2.7/site-packages/pylint-1.4.1-py2.7.egg
Searching for nosexcover
Reading https://pypi.python.org/simple/nosexcover/
Best match: nosexcover 1.0.10
Downloading https://pypi.python.org/packages/source/n/nosexcover/nosexcover-1.0.10.tar.gz#md5=12bf494a801b376debeb6a167c247391
Processing nosexcover-1.0.10.tar.gz
Writing /tmp/easy_install-k_BxJ4/nosexcover-1.0.10/setup.cfg
Running nosexcover-1.0.10/setup.py -q bdist_egg --dist-dir /tmp/easy_install-k_BxJ4/nosexcover-1.0.10/egg-dist-tmp-LdRfZu
creating /home/travis/build/letsencrypt/lets-encrypt-preview/.tox/lint/lib/python2.7/site-packages/nosexcover-1.0.10-py2.7.egg
Extracting nosexcover-1.0.10-py2.7.egg to /home/travis/build/letsencrypt/lets-encrypt-preview/.tox/lint/lib/python2.7/site-packages
Adding nosexcover 1.0.10 to easy-install.pth file

Installed /home/travis/build/letsencrypt/lets-encrypt-preview/.tox/lint/lib/python2.7/site-packages/nosexcover-1.0.10-py2.7.egg
Searching for nose
Reading https://pypi.python.org/simple/nose/
/home/travis/build/letsencrypt/lets-encrypt-preview/.tox/lint/lib/python2.7/site-packages/pkg_resources/__init__.py:2510: PEP440Warning: 'nose (dev)' is being parsed as a legacy, non PEP 440, version. You may find odd behavior and sort order. In particular it will be sorted as less than 0.0. It is recommend to migrate to PEP 440 compatible versions.
  PEP440Warning,
Best match: nose 1.3.4
Downloading https://pypi.python.org/packages/source/n/nose/nose-1.3.4.tar.gz#md5=6ed7169887580ddc9a8e16048d38274d
Processing nose-1.3.4.tar.gz
Writing /tmp/easy_install-JJopmg/nose-1.3.4/setup.cfg
Running nose-1.3.4/setup.py -q bdist_egg --dist-dir /tmp/easy_install-JJopmg/nose-1.3.4/egg-dist-tmp-wCeSdH
no previously-included directories found matching 'doc/.build'
creating /home/travis/build/letsencrypt/lets-encrypt-preview/.tox/lint/lib/python2.7/site-packages/nose-1.3.4-py2.7.egg
Extracting nose-1.3.4-py2.7.egg to /home/travis/build/letsencrypt/lets-encrypt-preview/.tox/lint/lib/python2.7/site-packages
Adding nose 1.3.4 to easy-install.pth file
Installing nosetests script to /home/travis/build/letsencrypt/lets-encrypt-preview/.tox/lint/bin
Installing nosetests-2.7 script to /home/travis/build/letsencrypt/lets-encrypt-preview/.tox/lint/bin

Installed /home/travis/build/letsencrypt/lets-encrypt-preview/.tox/lint/lib/python2.7/site-packages/nose-1.3.4-py2.7.egg
Searching for coverage
Reading https://pypi.python.org/simple/coverage/
Best match: coverage 4.0a4
Downloading https://pypi.python.org/packages/source/c/coverage/coverage-4.0a4.tar.gz#md5=45de910744680301d41e84454bd30b3a
Processing coverage-4.0a4.tar.gz
Writing /tmp/easy_install-avXRVZ/coverage-4.0a4/setup.cfg
Running coverage-4.0a4/setup.py -q bdist_egg --dist-dir /tmp/easy_install-avXRVZ/coverage-4.0a4/egg-dist-tmp-2pm9Hx
warning: no previously-included files matching '*.pyc' found anywhere in distribution
creating /home/travis/build/letsencrypt/lets-encrypt-preview/.tox/lint/lib/python2.7/site-packages/coverage-4.0a4-py2.7-linux-x86_64.egg
Extracting coverage-4.0a4-py2.7-linux-x86_64.egg to /home/travis/build/letsencrypt/lets-encrypt-preview/.tox/lint/lib/python2.7/site-packages
Adding coverage 4.0a4 to easy-install.pth file
Installing coverage-2.7 script to /home/travis/build/letsencrypt/lets-encrypt-preview/.tox/lint/bin
Installing coverage2 script to /home/travis/build/letsencrypt/lets-encrypt-preview/.tox/lint/bin
Installing coverage script to /home/travis/build/letsencrypt/lets-encrypt-preview/.tox/lint/bin

Installed /home/travis/build/letsencrypt/lets-encrypt-preview/.tox/lint/lib/python2.7/site-packages/coverage-4.0a4-py2.7-linux-x86_64.egg
Searching for py>=1.4.17
Reading https://pypi.python.org/simple/py/
Best match: py 1.4.26
Downloading https://pypi.python.org/packages/source/p/py/py-1.4.26.tar.gz#md5=30c3fd92a53f1a5ed6f3591c1fe75c0e
Processing py-1.4.26.tar.gz
Writing /tmp/easy_install-oNiN69/py-1.4.26/setup.cfg
Running py-1.4.26/setup.py -q bdist_egg --dist-dir /tmp/easy_install-oNiN69/py-1.4.26/egg-dist-tmp-SHm_as
creating /home/travis/build/letsencrypt/lets-encrypt-preview/.tox/lint/lib/python2.7/site-packages/py-1.4.26-py2.7.egg
Extracting py-1.4.26-py2.7.egg to /home/travis/build/letsencrypt/lets-encrypt-preview/.tox/lint/lib/python2.7/site-packages
Adding py 1.4.26 to easy-install.pth file

Installed /home/travis/build/letsencrypt/lets-encrypt-preview/.tox/lint/lib/python2.7/site-packages/py-1.4.26-py2.7.egg
Searching for virtualenv>=1.11.2
Reading https://pypi.python.org/simple/virtualenv/
Best match: virtualenv 12.0.6
Downloading https://pypi.python.org/packages/source/v/virtualenv/virtualenv-12.0.6.tar.gz#md5=7b111afe2a64d0f4573112003d82f1f0
Processing virtualenv-12.0.6.tar.gz
Writing /tmp/easy_install-agkNqM/virtualenv-12.0.6/setup.cfg
Running virtualenv-12.0.6/setup.py -q bdist_egg --dist-dir /tmp/easy_install-agkNqM/virtualenv-12.0.6/egg-dist-tmp-nFCHN7
warning: no previously-included files matching '*' found under directory 'docs/_templates'
warning: no previously-included files matching '*' found under directory 'docs/_build'
creating /home/travis/build/letsencrypt/lets-encrypt-preview/.tox/lint/lib/python2.7/site-packages/virtualenv-12.0.6-py2.7.egg
Extracting virtualenv-12.0.6-py2.7.egg to /home/travis/build/letsencrypt/lets-encrypt-preview/.tox/lint/lib/python2.7/site-packages
Adding virtualenv 12.0.6 to easy-install.pth file
Installing virtualenv script to /home/travis/build/letsencrypt/lets-encrypt-preview/.tox/lint/bin
Installing virtualenv-2.7 script to /home/travis/build/letsencrypt/lets-encrypt-preview/.tox/lint/bin

Installed /home/travis/build/letsencrypt/lets-encrypt-preview/.tox/lint/lib/python2.7/site-packages/virtualenv-12.0.6-py2.7.egg
Searching for six
Reading https://pypi.python.org/simple/six/
Best match: six 1.9.0
Downloading https://pypi.python.org/packages/source/s/six/six-1.9.0.tar.gz#md5=476881ef4012262dfc8adc645ee786c4
Processing six-1.9.0.tar.gz
Writing /tmp/easy_install-6WN_it/six-1.9.0/setup.cfg
Running six-1.9.0/setup.py -q bdist_egg --dist-dir /tmp/easy_install-6WN_it/six-1.9.0/egg-dist-tmp-V4QTaI
no previously-included directories found matching 'documentation/_build'
zip_safe flag not set; analyzing archive contents...
six: module references __path__
creating /home/travis/build/letsencrypt/lets-encrypt-preview/.tox/lint/lib/python2.7/site-packages/six-1.9.0-py2.7.egg
Extracting six-1.9.0-py2.7.egg to /home/travis/build/letsencrypt/lets-encrypt-preview/.tox/lint/lib/python2.7/site-packages
Adding six 1.9.0 to easy-install.pth file

Installed /home/travis/build/letsencrypt/lets-encrypt-preview/.tox/lint/lib/python2.7/site-packages/six-1.9.0-py2.7.egg
Searching for astroid>=1.3.3
Reading https://pypi.python.org/simple/astroid/
Best match: astroid 1.3.4
Downloading https://pypi.python.org/packages/source/a/astroid/astroid-1.3.4.tar.gz#md5=24e89453422bc39b0e1a9e4d7e0a1b0f
Processing astroid-1.3.4.tar.gz
Writing /tmp/easy_install-3ix_kL/astroid-1.3.4/setup.cfg
Running astroid-1.3.4/setup.py -q bdist_egg --dist-dir /tmp/easy_install-3ix_kL/astroid-1.3.4/egg-dist-tmp-zD51az
zip_safe flag not set; analyzing archive contents...
astroid.__init__: module references __file__
astroid.builder: module references __file__
astroid.modutils: module references __file__
astroid.modutils: module references __path__
astroid.raw_building: module references __file__
astroid.raw_building: module references __path__
astroid.manager: module references __file__
astroid.scoped_nodes: module references __file__
astroid.scoped_nodes: module references __path__
astroid.tests.unittest_inference: module references __file__
astroid.tests.unittest_modutils: module references __file__
astroid.tests.unittest_modutils: module references __path__
astroid.tests.unittest_utils: module references __file__
astroid.tests.unittest_manager: module references __file__
astroid.tests.unittest_regrtest: module references __file__
astroid.tests.unittest_scoped_nodes: module references __file__
astroid.tests.unittest_scoped_nodes: module references __path__
astroid.tests.unittest_lookup: module references __path__
creating /home/travis/build/letsencrypt/lets-encrypt-preview/.tox/lint/lib/python2.7/site-packages/astroid-1.3.4-py2.7.egg
Extracting astroid-1.3.4-py2.7.egg to /home/travis/build/letsencrypt/lets-encrypt-preview/.tox/lint/lib/python2.7/site-packages
  File "/home/travis/build/letsencrypt/lets-encrypt-preview/.tox/lint/lib/python2.7/site-packages/astroid-1.3.4-py2.7.egg/astroid/tests/testdata/python3/data/module.py", line 55
    print('yo', end=' ')
                   ^
SyntaxError: invalid syntax

  File "/home/travis/build/letsencrypt/lets-encrypt-preview/.tox/lint/lib/python2.7/site-packages/astroid-1.3.4-py2.7.egg/astroid/tests/testdata/python3/data/module2.py", line 100
    print('bonjour', file=stream)
                         ^
SyntaxError: invalid syntax

Adding astroid 1.3.4 to easy-install.pth file

Installed /home/travis/build/letsencrypt/lets-encrypt-preview/.tox/lint/lib/python2.7/site-packages/astroid-1.3.4-py2.7.egg
Searching for logilab-common>=0.53.0
Reading https://pypi.python.org/simple/logilab-common/
/home/travis/build/letsencrypt/lets-encrypt-preview/.tox/lint/lib/python2.7/site-packages/pkg_resources/__init__.py:2510: PEP440Warning: 'logilab (common-0.38.1)' is being parsed as a legacy, non PEP 440, version. You may find odd behavior and sort order. In particular it will be sorted as less than 0.0. It is recommend to migrate to PEP 440 compatible versions.
  PEP440Warning,
/home/travis/build/letsencrypt/lets-encrypt-preview/.tox/lint/lib/python2.7/site-packages/pkg_resources/__init__.py:2510: PEP440Warning: 'logilab (common-0.39.0)' is being parsed as a legacy, non PEP 440, version. You may find odd behavior and sort order. In particular it will be sorted as less than 0.0. It is recommend to migrate to PEP 440 compatible versions.
  PEP440Warning,
/home/travis/build/letsencrypt/lets-encrypt-preview/.tox/lint/lib/python2.7/site-packages/pkg_resources/__init__.py:2510: PEP440Warning: 'logilab (common-0.43.0)' is being parsed as a legacy, non PEP 440, version. You may find odd behavior and sort order. In particular it will be sorted as less than 0.0. It is recommend to migrate to PEP 440 compatible versions.
  PEP440Warning,
/home/travis/build/letsencrypt/lets-encrypt-preview/.tox/lint/lib/python2.7/site-packages/pkg_resources/__init__.py:2510: PEP440Warning: 'logilab (common-0.44.0)' is being parsed as a legacy, non PEP 440, version. You may find odd behavior and sort order. In particular it will be sorted as less than 0.0. It is recommend to migrate to PEP 440 compatible versions.
  PEP440Warning,
/home/travis/build/letsencrypt/lets-encrypt-preview/.tox/lint/lib/python2.7/site-packages/pkg_resources/__init__.py:2510: PEP440Warning: 'logilab (common-0.46.0)' is being parsed as a legacy, non PEP 440, version. You may find odd behavior and sort order. In particular it will be sorted as less than 0.0. It is recommend to migrate to PEP 440 compatible versions.
  PEP440Warning,
/home/travis/build/letsencrypt/lets-encrypt-preview/.tox/lint/lib/python2.7/site-packages/pkg_resources/__init__.py:2510: PEP440Warning: 'logilab (common-0.46.1)' is being parsed as a legacy, non PEP 440, version. You may find odd behavior and sort order. In particular it will be sorted as less than 0.0. It is recommend to migrate to PEP 440 compatible versions.
  PEP440Warning,
/home/travis/build/letsencrypt/lets-encrypt-preview/.tox/lint/lib/python2.7/site-packages/pkg_resources/__init__.py:2510: PEP440Warning: 'logilab (common-0.47.0)' is being parsed as a legacy, non PEP 440, version. You may find odd behavior and sort order. In particular it will be sorted as less than 0.0. It is recommend to migrate to PEP 440 compatible versions.
  PEP440Warning,
/home/travis/build/letsencrypt/lets-encrypt-preview/.tox/lint/lib/python2.7/site-packages/pkg_resources/__init__.py:2510: PEP440Warning: 'logilab (common-0.48.1)' is being parsed as a legacy, non PEP 440, version. You may find odd behavior and sort order. In particular it will be sorted as less than 0.0. It is recommend to migrate to PEP 440 compatible versions.
  PEP440Warning,
/home/travis/build/letsencrypt/lets-encrypt-preview/.tox/lint/lib/python2.7/site-packages/pkg_resources/__init__.py:2510: PEP440Warning: 'logilab (common-0.49.0)' is being parsed as a legacy, non PEP 440, version. You may find odd behavior and sort order. In particular it will be sorted as less than 0.0. It is recommend to migrate to PEP 440 compatible versions.
  PEP440Warning,
/home/travis/build/letsencrypt/lets-encrypt-preview/.tox/lint/lib/python2.7/site-packages/pkg_resources/__init__.py:2510: PEP440Warning: 'logilab (common-0.50.0)' is being parsed as a legacy, non PEP 440, version. You may find odd behavior and sort order. In particular it will be sorted as less than 0.0. It is recommend to migrate to PEP 440 compatible versions.
  PEP440Warning,
/home/travis/build/letsencrypt/lets-encrypt-preview/.tox/lint/lib/python2.7/site-packages/pkg_resources/__init__.py:2510: PEP440Warning: 'logilab (common-0.50.1)' is being parsed as a legacy, non PEP 440, version. You may find odd behavior and sort order. In particular it will be sorted as less than 0.0. It is recommend to migrate to PEP 440 compatible versions.
  PEP440Warning,
/home/travis/build/letsencrypt/lets-encrypt-preview/.tox/lint/lib/python2.7/site-packages/pkg_resources/__init__.py:2510: PEP440Warning: 'logilab (common-0.50.2)' is being parsed as a legacy, non PEP 440, version. You may find odd behavior and sort order. In particular it will be sorted as less than 0.0. It is recommend to migrate to PEP 440 compatible versions.
  PEP440Warning,
/home/travis/build/letsencrypt/lets-encrypt-preview/.tox/lint/lib/python2.7/site-packages/pkg_resources/__init__.py:2510: PEP440Warning: 'logilab (common-0.50.3)' is being parsed as a legacy, non PEP 440, version. You may find odd behavior and sort order. In particular it will be sorted as less than 0.0. It is recommend to migrate to PEP 440 compatible versions.
  PEP440Warning,
/home/travis/build/letsencrypt/lets-encrypt-preview/.tox/lint/lib/python2.7/site-packages/pkg_resources/__init__.py:2510: PEP440Warning: 'logilab (common-0.51.0)' is being parsed as a legacy, non PEP 440, version. You may find odd behavior and sort order. In particular it will be sorted as less than 0.0. It is recommend to migrate to PEP 440 compatible versions.
  PEP440Warning,
/home/travis/build/letsencrypt/lets-encrypt-preview/.tox/lint/lib/python2.7/site-packages/pkg_resources/__init__.py:2510: PEP440Warning: 'logilab (common-0.51.1)' is being parsed as a legacy, non PEP 440, version. You may find odd behavior and sort order. In particular it will be sorted as less than 0.0. It is recommend to migrate to PEP 440 compatible versions.
  PEP440Warning,
/home/travis/build/letsencrypt/lets-encrypt-preview/.tox/lint/lib/python2.7/site-packages/pkg_resources/__init__.py:2510: PEP440Warning: 'logilab (common-0.52.0)' is being parsed as a legacy, non PEP 440, version. You may find odd behavior and sort order. In particular it will be sorted as less than 0.0. It is recommend to migrate to PEP 440 compatible versions.
  PEP440Warning,
/home/travis/build/letsencrypt/lets-encrypt-preview/.tox/lint/lib/python2.7/site-packages/pkg_resources/__init__.py:2510: PEP440Warning: 'logilab (common-0.52.1)' is being parsed as a legacy, non PEP 440, version. You may find odd behavior and sort order. In particular it will be sorted as less than 0.0. It is recommend to migrate to PEP 440 compatible versions.
  PEP440Warning,
/home/travis/build/letsencrypt/lets-encrypt-preview/.tox/lint/lib/python2.7/site-packages/pkg_resources/__init__.py:2510: PEP440Warning: 'logilab (common-0.53.0)' is being parsed as a legacy, non PEP 440, version. You may find odd behavior and sort order. In particular it will be sorted as less than 0.0. It is recommend to migrate to PEP 440 compatible versions.
  PEP440Warning,
/home/travis/build/letsencrypt/lets-encrypt-preview/.tox/lint/lib/python2.7/site-packages/pkg_resources/__init__.py:2510: PEP440Warning: 'logilab (common-0.54.0)' is being parsed as a legacy, non PEP 440, version. You may find odd behavior and sort order. In particular it will be sorted as less than 0.0. It is recommend to migrate to PEP 440 compatible versions.
  PEP440Warning,
/home/travis/build/letsencrypt/lets-encrypt-preview/.tox/lint/lib/python2.7/site-packages/pkg_resources/__init__.py:2510: PEP440Warning: 'logilab (common-0.55.0)' is being parsed as a legacy, non PEP 440, version. You may find odd behavior and sort order. In particular it will be sorted as less than 0.0. It is recommend to migrate to PEP 440 compatible versions.
  PEP440Warning,
/home/travis/build/letsencrypt/lets-encrypt-preview/.tox/lint/lib/python2.7/site-packages/pkg_resources/__init__.py:2510: PEP440Warning: 'logilab (common-0.55.2)' is being parsed as a legacy, non PEP 440, version. You may find odd behavior and sort order. In particular it will be sorted as less than 0.0. It is recommend to migrate to PEP 440 compatible versions.
  PEP440Warning,
/home/travis/build/letsencrypt/lets-encrypt-preview/.tox/lint/lib/python2.7/site-packages/pkg_resources/__init__.py:2510: PEP440Warning: 'logilab (common-0.56.0)' is being parsed as a legacy, non PEP 440, version. You may find odd behavior and sort order. In particular it will be sorted as less than 0.0. It is recommend to migrate to PEP 440 compatible versions.
  PEP440Warning,
/home/travis/build/letsencrypt/lets-encrypt-preview/.tox/lint/lib/python2.7/site-packages/pkg_resources/__init__.py:2510: PEP440Warning: 'logilab (common-0.56.1)' is being parsed as a legacy, non PEP 440, version. You may find odd behavior and sort order. In particular it will be sorted as less than 0.0. It is recommend to migrate to PEP 440 compatible versions.
  PEP440Warning,
/home/travis/build/letsencrypt/lets-encrypt-preview/.tox/lint/lib/python2.7/site-packages/pkg_resources/__init__.py:2510: PEP440Warning: 'logilab (common-0.56.2)' is being parsed as a legacy, non PEP 440, version. You may find odd behavior and sort order. In particular it will be sorted as less than 0.0. It is recommend to migrate to PEP 440 compatible versions.
  PEP440Warning,
/home/travis/build/letsencrypt/lets-encrypt-preview/.tox/lint/lib/python2.7/site-packages/pkg_resources/__init__.py:2510: PEP440Warning: 'logilab (common-0.57.0)' is being parsed as a legacy, non PEP 440, version. You may find odd behavior and sort order. In particular it will be sorted as less than 0.0. It is recommend to migrate to PEP 440 compatible versions.
  PEP440Warning,
/home/travis/build/letsencrypt/lets-encrypt-preview/.tox/lint/lib/python2.7/site-packages/pkg_resources/__init__.py:2510: PEP440Warning: 'logilab (common-0.57.1)' is being parsed as a legacy, non PEP 440, version. You may find odd behavior and sort order. In particular it will be sorted as less than 0.0. It is recommend to migrate to PEP 440 compatible versions.
  PEP440Warning,
/home/travis/build/letsencrypt/lets-encrypt-preview/.tox/lint/lib/python2.7/site-packages/pkg_resources/__init__.py:2510: PEP440Warning: 'logilab (common-0.58.1)' is being parsed as a legacy, non PEP 440, version. You may find odd behavior and sort order. In particular it will be sorted as less than 0.0. It is recommend to migrate to PEP 440 compatible versions.
  PEP440Warning,
/home/travis/build/letsencrypt/lets-encrypt-preview/.tox/lint/lib/python2.7/site-packages/pkg_resources/__init__.py:2510: PEP440Warning: 'logilab (common-0.58.3)' is being parsed as a legacy, non PEP 440, version. You may find odd behavior and sort order. In particular it will be sorted as less than 0.0. It is recommend to migrate to PEP 440 compatible versions.
  PEP440Warning,
/home/travis/build/letsencrypt/lets-encrypt-preview/.tox/lint/lib/python2.7/site-packages/pkg_resources/__init__.py:2510: PEP440Warning: 'logilab (common-0.59.0)' is being parsed as a legacy, non PEP 440, version. You may find odd behavior and sort order. In particular it will be sorted as less than 0.0. It is recommend to migrate to PEP 440 compatible versions.
  PEP440Warning,
/home/travis/build/letsencrypt/lets-encrypt-preview/.tox/lint/lib/python2.7/site-packages/pkg_resources/__init__.py:2510: PEP440Warning: 'logilab (common-0.59.1)' is being parsed as a legacy, non PEP 440, version. You may find odd behavior and sort order. In particular it will be sorted as less than 0.0. It is recommend to migrate to PEP 440 compatible versions.
  PEP440Warning,
/home/travis/build/letsencrypt/lets-encrypt-preview/.tox/lint/lib/python2.7/site-packages/pkg_resources/__init__.py:2510: PEP440Warning: 'logilab (common-0.60.0)' is being parsed as a legacy, non PEP 440, version. You may find odd behavior and sort order. In particular it will be sorted as less than 0.0. It is recommend to migrate to PEP 440 compatible versions.
  PEP440Warning,
/home/travis/build/letsencrypt/lets-encrypt-preview/.tox/lint/lib/python2.7/site-packages/pkg_resources/__init__.py:2510: PEP440Warning: 'logilab (common-0.60.1)' is being parsed as a legacy, non PEP 440, version. You may find odd behavior and sort order. In particular it will be sorted as less than 0.0. It is recommend to migrate to PEP 440 compatible versions.
  PEP440Warning,
/home/travis/build/letsencrypt/lets-encrypt-preview/.tox/lint/lib/python2.7/site-packages/pkg_resources/__init__.py:2510: PEP440Warning: 'logilab (common-0.61.0)' is being parsed as a legacy, non PEP 440, version. You may find odd behavior and sort order. In particular it will be sorted as less than 0.0. It is recommend to migrate to PEP 440 compatible versions.
  PEP440Warning,
/home/travis/build/letsencrypt/lets-encrypt-preview/.tox/lint/lib/python2.7/site-packages/pkg_resources/__init__.py:2510: PEP440Warning: 'logilab (common-0.62.0)' is being parsed as a legacy, non PEP 440, version. You may find odd behavior and sort order. In particular it will be sorted as less than 0.0. It is recommend to migrate to PEP 440 compatible versions.
  PEP440Warning,
/home/travis/build/letsencrypt/lets-encrypt-preview/.tox/lint/lib/python2.7/site-packages/pkg_resources/__init__.py:2510: PEP440Warning: 'logilab (common-0.62.1)' is being parsed as a legacy, non PEP 440, version. You may find odd behavior and sort order. In particular it will be sorted as less than 0.0. It is recommend to migrate to PEP 440 compatible versions.
  PEP440Warning,
/home/travis/build/letsencrypt/lets-encrypt-preview/.tox/lint/lib/python2.7/site-packages/pkg_resources/__init__.py:2510: PEP440Warning: 'logilab (common-0.63.0)' is being parsed as a legacy, non PEP 440, version. You may find odd behavior and sort order. In particular it will be sorted as less than 0.0. It is recommend to migrate to PEP 440 compatible versions.
  PEP440Warning,
/home/travis/build/letsencrypt/lets-encrypt-preview/.tox/lint/lib/python2.7/site-packages/pkg_resources/__init__.py:2510: PEP440Warning: 'logilab (common-0.63.1)' is being parsed as a legacy, non PEP 440, version. You may find odd behavior and sort order. In particular it will be sorted as less than 0.0. It is recommend to migrate to PEP 440 compatible versions.
  PEP440Warning,
/home/travis/build/letsencrypt/lets-encrypt-preview/.tox/lint/lib/python2.7/site-packages/pkg_resources/__init__.py:2510: PEP440Warning: 'logilab (common-0.63.2)' is being parsed as a legacy, non PEP 440, version. You may find odd behavior and sort order. In particular it will be sorted as less than 0.0. It is recommend to migrate to PEP 440 compatible versions.
  PEP440Warning,
Best match: logilab-common 0.63.2
Downloading https://pypi.python.org/packages/source/l/logilab-common/logilab-common-0.63.2.tar.gz#md5=2bf4599ae1f2ccf4603ca02c5d7e798e
Processing logilab-common-0.63.2.tar.gz
Writing /tmp/easy_install-9IiyYc/logilab-common-0.63.2/setup.cfg
Running logilab-common-0.63.2/setup.py -q bdist_egg --dist-dir /tmp/easy_install-9IiyYc/logilab-common-0.63.2/egg-dist-tmp-_25EPy
/opt/python/2.7.9/lib/python2.7/distutils/dist.py:267: UserWarning: Unknown distribution option: 'test_require'
  warnings.warn(msg)
package init file './test/__init__.py' not found (or not a regular file)
package init file './test/__init__.py' not found (or not a regular file)
package init file './test/__init__.py' not found (or not a regular file)
zip_safe flag not set; analyzing archive contents...
logilab.common.testlib: module references __file__
logilab.common.testlib: module MAY be using inspect.getinnerframes
logilab.common.modutils: module references __file__
logilab.common.modutils: module references __path__
logilab.common.registry: module references __file__
logilab.common.pytest: module references __file__
logilab.common.debugger: module MAY be using inspect.getsource
logilab.common.test.unittest_configuration: module references __file__
logilab.common.test.unittest_shellutils: module references __file__
logilab.common.test.unittest_modutils: module references __file__
logilab.common.test.unittest_modutils: module references __path__
logilab.common.test.unittest_changelog: module references __file__
logilab.common.test.unittest_fileutils: module references __file__
logilab.common.test.unittest_umessage: module references __file__
logilab.common.test.unittest_testlib: module references __file__
creating /home/travis/build/letsencrypt/lets-encrypt-preview/.tox/lint/lib/python2.7/site-packages/logilab_common-0.63.2-py2.7.egg
Extracting logilab_common-0.63.2-py2.7.egg to /home/travis/build/letsencrypt/lets-encrypt-preview/.tox/lint/lib/python2.7/site-packages
Adding logilab-common 0.63.2 to easy-install.pth file
Installing pytest script to /home/travis/build/letsencrypt/lets-encrypt-preview/.tox/lint/bin

Installed /home/travis/build/letsencrypt/lets-encrypt-preview/.tox/lint/lib/python2.7/site-packages/logilab_common-0.63.2-py2.7.egg
Finished processing dependencies for letsencrypt[testing]
[1mlint runtests: commands[1] | pylint --rcfile=.pylintrc letsencrypt[0m
************* Module letsencrypt.client.errors
C: 36, 0: Missing class docstring (missing-docstring)
************* Module letsencrypt.client.validator
C:113, 0: Line too long (97/80) (line-too-long)
C:114, 0: Line too long (90/80) (line-too-long)
C:118, 0: Line too long (98/80) (line-too-long)
C:119, 0: Line too long (84/80) (line-too-long)
C:120, 0: Line too long (98/80) (line-too-long)
C: 12, 0: Invalid constant name "log" (invalid-name)
W: 21,29: Redefining built-in 'input' (redefined-builtin)
R: 59, 4: Method could be a function (no-self-use)
R: 76, 4: Method could be a function (no-self-use)
W: 98,12: Unused variable 'max_age_name' (unused-variable)
R: 81, 4: Method could be a function (no-self-use)
W:113,16: Unused variable 'stderr' (unused-variable)
R:111, 4: Method could be a function (no-self-use)
W:119,16: Unused variable 'stderr' (unused-variable)
R:117, 4: Method could be a function (no-self-use)
W:132,25: Used builtin function 'filter' (bad-builtin)
************* Module letsencrypt.client.tests.validator_test
C: 33, 0: Line too long (87/80) (line-too-long)
C: 52, 0: Line too long (83/80) (line-too-long)
C: 56, 0: Line too long (87/80) (line-too-long)
C: 57, 0: Line too long (83/80) (line-too-long)
C: 61, 0: Line too long (91/80) (line-too-long)
C: 66, 0: Line too long (85/80) (line-too-long)
C:  1, 0: Missing module docstring (missing-docstring)
F:  3, 0: Unable to import 'responses' (import-error)
E: 65, 4: method already defined line 60 (function-redefined)


Report
======
3526 statements analysed.

Statistics by type
------------------

+---------+-------+-----------+-----------+------------+---------+
|type     |number |old number |difference |%documented |%badname |
+=========+=======+===========+===========+============+=========+
|module   |48     |NC         |NC         |97.92       |0.00     |
+---------+-------+-----------+-----------+------------+---------+
|class    |69     |NC         |NC         |98.55       |0.00     |
+---------+-------+-----------+-----------+------------+---------+
|method   |397    |NC         |NC         |98.74       |1.01     |
+---------+-------+-----------+-----------+------------+---------+
|function |76     |NC         |NC         |97.37       |0.00     |
+---------+-------+-----------+-----------+------------+---------+



External dependencies
---------------------
::

    Crypto 
      \-Hash 
      | \-SHA256 (letsencrypt.client.crypto_util)
      \-PublicKey 
      | \-RSA (letsencrypt.client.crypto_util)
      \-Random (letsencrypt.client.challenge_util,letsencrypt.client.crypto_util)
      \-Signature 
        \-PKCS1_v1_5 (letsencrypt.client.crypto_util)
    M2Crypto (letsencrypt.client.client,letsencrypt.client.tests.crypto_util_test,letsencrypt.client.crypto_util,letsencrypt.client.revoker,letsencrypt.client.tests.challenge_util_test)
    augeas (letsencrypt.client.tests.apache.parser_test,letsencrypt.client.augeas_configurator)
    dialog (letsencrypt.client.interactive_challenge,letsencrypt.client.log,letsencrypt.client.recovery_contact_challenge,letsencrypt.client.display)
    jsonschema (letsencrypt.client.acme,letsencrypt.client.tests.acme_test,letsencrypt.client.network)
    letsencrypt 
      \-client 
        \-CONFIG (letsencrypt.client.auth_handler,letsencrypt.scripts.main,letsencrypt.client.apache.configurator,letsencrypt.client.apache.dvsni,letsencrypt.client.tests.apache.dvsni_test,letsencrypt.client.recovery_token,letsencrypt.client.tests.acme_util,letsencrypt.client.revoker,letsencrypt.client.crypto_util,letsencrypt.client.tests.apache.util,letsencrypt.client.augeas_configurator,letsencrypt.client.client,letsencrypt.client.challenge_util,letsencrypt.client.tests.challenge_util_test,letsencrypt.client.reverter)
        \-acme (letsencrypt.client.client,letsencrypt.client.tests.acme_test,letsencrypt.client.revoker,letsencrypt.client.auth_handler,letsencrypt.client.network)
        \-apache 
        | \-configurator (letsencrypt.client.client,letsencrypt.client.tests.apache.util,letsencrypt.client.tests.apache.configurator_test)
        | \-dvsni (letsencrypt.client.tests.apache.dvsni_test,letsencrypt.client.apache.configurator)
        | \-obj (letsencrypt.client.tests.apache.configurator_test,letsencrypt.client.tests.apache.obj_test,letsencrypt.client.tests.apache.util,letsencrypt.client.apache.configurator,letsencrypt.client.tests.apache.dvsni_test)
        | \-parser (letsencrypt.client.apache.dvsni,letsencrypt.client.tests.apache.configurator_test,letsencrypt.client.apache.configurator,letsencrypt.client.tests.apache.parser_test)
        \-augeas_configurator (letsencrypt.client.apache.configurator)
        \-auth_handler (letsencrypt.client.client,letsencrypt.client.tests.auth_handler_test)
        \-challenge_util (letsencrypt.client.auth_handler,letsencrypt.client.apache.configurator,letsencrypt.client.apache.dvsni,letsencrypt.client.tests.apache.configurator_test,letsencrypt.client.tests.recovery_token_test,letsencrypt.client.tests.client_authenticator_test,letsencrypt.client.client_authenticator,letsencrypt.client.tests.challenge_util_test,letsencrypt.client.tests.apache.dvsni_test)
        \-client (letsencrypt.client.tests.apache.configurator_test,letsencrypt.client.tests.client_test,letsencrypt.client.tests.challenge_util_test,letsencrypt.scripts.main,letsencrypt.client.tests.apache.dvsni_test)
        \-client_authenticator (letsencrypt.client.tests.client_authenticator_test,letsencrypt.client.client)
        \-crypto_util (letsencrypt.client.acme,letsencrypt.client.client,letsencrypt.client.challenge_util,letsencrypt.client.revoker,letsencrypt.client.tests.crypto_util_test)
        \-display (letsencrypt.client.tests.apache.parser_test,letsencrypt.client.reverter,letsencrypt.client.log,letsencrypt.scripts.main,letsencrypt.client.revoker)
        \-errors (letsencrypt.client.tests.validator_test,letsencrypt.client.auth_handler,letsencrypt.scripts.main,letsencrypt.client.apache.parser,letsencrypt.client.tests.apache.parser_test,letsencrypt.client.tests.client_authenticator_test,letsencrypt.client.tests.apache.configurator_test,letsencrypt.client.validator,letsencrypt.client.network,letsencrypt.client.tests.reverter_test,letsencrypt.client.le_util,letsencrypt.client.client_authenticator,letsencrypt.client.client,letsencrypt.client.tests.client_test,letsencrypt.client.reverter,letsencrypt.client.apache.configurator,letsencrypt.client.tests.auth_handler_test)
        \-interfaces (letsencrypt.client.client_authenticator,letsencrypt.scripts.main,letsencrypt.client.apache.configurator,letsencrypt.client.recovery_token,letsencrypt.client.validator,letsencrypt.client.reverter,letsencrypt.client.recovery_contact_challenge,letsencrypt.client.display,letsencrypt.client.interactive_challenge,letsencrypt.client.client,letsencrypt.client.revoker)
        \-le_util (letsencrypt.client.apache.configurator,letsencrypt.client.acme,letsencrypt.client.recovery_token,letsencrypt.client.crypto_util,letsencrypt.client.tests.le_util_test,letsencrypt.client.client,letsencrypt.client.challenge_util,letsencrypt.client.tests.challenge_util_test,letsencrypt.client.reverter)
        \-log (letsencrypt.scripts.main,letsencrypt.client.tests.log_test)
        \-network (letsencrypt.client.client,letsencrypt.client.revoker)
        \-recovery_token (letsencrypt.client.tests.recovery_token_test,letsencrypt.client.client_authenticator)
        \-reverter (letsencrypt.client.client,letsencrypt.client.tests.reverter_test,letsencrypt.client.augeas_configurator)
        \-revoker (letsencrypt.client.client)
        \-tests 
        | \-acme_util (letsencrypt.client.tests.auth_handler_test)
        | \-apache 
        |   \-util (letsencrypt.client.tests.apache.configurator_test,letsencrypt.client.tests.apache.dvsni_test,letsencrypt.client.tests.apache.parser_test)
        \-validator (letsencrypt.client.tests.validator_test)
    mock (letsencrypt.client.tests.apache.parser_test,letsencrypt.client.tests.apache.util,letsencrypt.client.tests.reverter_test,letsencrypt.client.tests.client_authenticator_test,letsencrypt.client.tests.apache.configurator_test,letsencrypt.client.tests.recovery_token_test,letsencrypt.client.tests.apache.dvsni_test,letsencrypt.client.tests.le_util_test,letsencrypt.client.tests.log_test,letsencrypt.client.tests.client_test,letsencrypt.client.tests.auth_handler_test)
    pkg_resources (letsencrypt.client.apache.configurator,letsencrypt.client.acme,letsencrypt.client.tests.acme_test,letsencrypt.client.tests.crypto_util_test,letsencrypt.client.tests.apache.util,letsencrypt.client.tests.challenge_util_test,letsencrypt.client.tests.apache.dvsni_test)
    requests (letsencrypt.client.validator,letsencrypt.client.recovery_contact_challenge,letsencrypt.client.network)
      \-exceptions (letsencrypt.client.tests.validator_test)
    zope 
      \-component (letsencrypt.client.tests.apache.parser_test,letsencrypt.scripts.main,letsencrypt.client.recovery_token,letsencrypt.client.revoker,letsencrypt.client.client,letsencrypt.client.reverter)
      \-interface (letsencrypt.scripts.main,letsencrypt.client.apache.configurator,letsencrypt.client.client_authenticator,letsencrypt.client.validator,letsencrypt.client.interfaces,letsencrypt.client.recovery_contact_challenge,letsencrypt.client.display,letsencrypt.client.interactive_challenge)



Raw metrics
-----------

+----------+-------+------+---------+-----------+
|type      |number |%     |previous |difference |
+==========+=======+======+=========+===========+
|code      |4071   |55.02 |NC       |NC         |
+----------+-------+------+---------+-----------+
|docstring |2368   |32.00 |NC       |NC         |
+----------+-------+------+---------+-----------+
|comment   |335    |4.53  |NC       |NC         |
+----------+-------+------+---------+-----------+
|empty     |625    |8.45  |NC       |NC         |
+----------+-------+------+---------+-----------+



Duplication
-----------

+-------------------------+------+---------+-----------+
|                         |now   |previous |difference |
+=========================+======+=========+===========+
|nb duplicated lines      |0     |NC       |NC         |
+-------------------------+------+---------+-----------+
|percent duplicated lines |0.000 |NC       |NC         |
+-------------------------+------+---------+-----------+



Messages by category
--------------------

+-----------+-------+---------+-----------+
|type       |number |previous |difference |
+===========+=======+=========+===========+
|convention |14     |NC       |NC         |
+-----------+-------+---------+-----------+
|refactor   |5      |NC       |NC         |
+-----------+-------+---------+-----------+
|warning    |5      |NC       |NC         |
+-----------+-------+---------+-----------+
|error      |1      |NC       |NC         |
+-----------+-------+---------+-----------+



% errors / warnings by module
-----------------------------

+----------------------------------------+-------+--------+---------+-----------+
|module                                  |error  |warning |refactor |convention |
+========================================+=======+========+=========+===========+
|letsencrypt.client.tests.validator_test |100.00 |0.00    |0.00     |50.00      |
+----------------------------------------+-------+--------+---------+-----------+
|letsencrypt.client.validator            |0.00   |100.00  |100.00   |42.86      |
+----------------------------------------+-------+--------+---------+-----------+
|letsencrypt.client.errors               |0.00   |0.00    |0.00     |7.14       |
+----------------------------------------+-------+--------+---------+-----------+



Messages
--------

+-------------------+------------+
|message id         |occurrences |
+===================+============+
|line-too-long      |11          |
+-------------------+------------+
|no-self-use        |5           |
+-------------------+------------+
|unused-variable    |3           |
+-------------------+------------+
|missing-docstring  |2           |
+-------------------+------------+
|redefined-builtin  |1           |
+-------------------+------------+
|invalid-name       |1           |
+-------------------+------------+
|import-error       |1           |
+-------------------+------------+
|function-redefined |1           |
+-------------------+------------+
|bad-builtin        |1           |
+-------------------+------------+



Global evaluation
-----------------
Your code has been rated at 9.92/10

[31mERROR: InvocationError: '/home/travis/build/letsencrypt/lets-encrypt-preview/.tox/lint/bin/pylint --rcfile=.pylintrc letsencrypt'[0m
___________________________________ summary ____________________________________
[31mERROR:   lint: commands failed[0m

[31;1mThe command "tox" failed. Retrying, 2 of 3.[0m

[1mGLOB sdist-make: /home/travis/build/letsencrypt/lets-encrypt-preview/setup.py[0m
[1mlint inst-nodeps: /home/travis/build/letsencrypt/lets-encrypt-preview/.tox/dist/letsencrypt-0.1.zip[0m
[31mERROR: invocation failed (exit code 2), logfile: /home/travis/build/letsencrypt/lets-encrypt-preview/.tox/lint/log/lint-2.log[0m
[31mERROR: actionid=lint
msg=installpkg
cmdargs=[local('/home/travis/build/letsencrypt/lets-encrypt-preview/.tox/lint/bin/pip'), 'install', '--pre', '-U', '--no-deps', '/home/travis/build/letsencrypt/lets-encrypt-preview/.tox/dist/letsencrypt-0.1.zip']
env={'rvm_version': '1.26.3 (1.26.3)', 'LC_CTYPE': 'en_US.UTF-8', 'TRAVIS': 'true', 'TRAVIS_REPO_SLUG': 'letsencrypt/lets-encrypt-preview', 'JRUBY_OPTS': '--client -J-XX:+TieredCompilation -J-XX:TieredStopAtLevel=1 -Xcext.enabled=false -J-Xss2m -Xcompile.invokedynamic=false', 'VIRTUAL_ENV': '/home/travis/build/letsencrypt/lets-encrypt-preview/.tox/lint', 'SHELL': '/bin/bash', 'TRAVIS_BRANCH': 'validator', 'rvm_with_default_gems': 'rake=~>10.2.2 bundler=~>1.6.0', 'NVM_BIN': '/home/travis/.nvm/v0.10.33/bin', 'VIRTUAL_ENV_DISABLE_PROMPT': 'true', 'MANPATH': '/home/travis/.nvm/v0.10.33/share/man:/usr/local/clang-3.4/share/man:/usr/local/man:/usr/local/share/man:/usr/share/man', 'JAVA_HOME': '/usr/lib/jvm/java-7-oracle', 'gvm_go_name': 'go1.4', '_system_type': 'Linux', 'TRAVIS_SECURE_ENV_VARS': 'false', 'MY_RUBY_HOME': '/home/travis/.rvm/rubies/ruby-1.9.3-p551', 'rvm_max_time_flag': '5', 'RUBY_VERSION': 'ruby-1.9.3-p551', '_system_version': '12.04', 'TRAVIS_COMMIT_RANGE': '382386159cdf...d7291d6c8e4b', 'MAIL': '/var/mail/travis', 'rvm_bin_path': '/home/travis/.rvm/bin', 'GOPATH': '/home/travis/.gvm/pkgsets/go1.4/global', 'CONTINUOUS_INTEGRATION': 'true', 'GOROOT': '/home/travis/.gvm/gos/go1.4', 'gvm_pkgset_name': 'global', 'rvm_path': '/home/travis/.rvm', 'RACK_ENV': 'test', 'USER': 'travis', 'PS4': '+', 'SHLVL': '3', 'MERB_ENV': 'test', 'GIT_ASKPASS': 'echo', 'GEM_PATH': '/home/travis/.rvm/gems/ruby-1.9.3-p551:/home/travis/.rvm/gems/ruby-1.9.3-p551@global', 'HAS_ANTARES_THREE_LITTLE_FRONZIES_BADGE': 'true', 'GVM_VERSION': '1.0.22', 'PKG_CONFIG_PATH': '/home/travis/.gvm/pkgsets/go1.4/global/overlay/lib/pkgconfig:/home/travis/.gvm/pkgsets/go1.4/global/overlay/lib/pkgconfig:/home/travis/.gvm/pkgsets/go1.4/global/overlay/lib/pkgconfig:', '_': '/home/travis/virtualenv/python2.7.9/bin/tox', 'TRAVIS_TAG': '', 'SSH_CONNECTION': '2607:f700:8000:12d:b162:dca1:909:fd29 54541 2607:f700:8000:12e:59b8:9190:eece:ac40 22', 'rvm_without_gems': 'rubygems-bundler', 'TRAVIS_BUILD_NUMBER': '266', '_system_name': 'Ubuntu', 'TRAVIS_BUILD_ID': '48749117', 'GVM_PATH_BACKUP': '/home/travis/.gvm/bin:/usr/local/clang-3.4/bin:/opt/python/2.7.9/bin:/opt/python/2.6.9/bin:/opt/python/3.4.2/bin:/opt/python/3.3.5/bin:/opt/python/3.2.5/bin:/opt/python/pypy-2.4.0/bin:/opt/python/pypy3-2.4.0/bin:/usr/local/phantomjs/bin:/home/travis/.nvm/v0.10.33/bin:./node_modules/.bin:/usr/local/maven-3.2.3/bin:/home/travis/.gvm/pkgsets/go1.4/global/bin:/home/travis/.gvm/gos/go1.4/bin:/home/travis/.gvm/pkgsets/go1.4/global/overlay/bin:/home/travis/.gvm/bin:/home/travis/.gvm/bin:/usr/local/clang-3.4/bin:/home/travis/.rvm/gems/ruby-1.9.3-p551/bin:/home/travis/.rvm/gems/ruby-1.9.3-p551@global/bin:/home/travis/.rvm/rubies/ruby-1.9.3-p551/bin:/opt/python/2.7.9/bin:/opt/python/2.6.9/bin:/opt/python/3.4.2/bin:/opt/python/3.3.5/bin:/opt/python/3.2.5/bin:/opt/python/pypy-2.4.0/bin:/opt/python/pypy3-2.4.0/bin:/usr/local/phantomjs/bin:./node_modules/.bin:/usr/local/maven-3.2.3/bin:/home/travis/.gvm/pkgsets/go1.4/global/bin:/home/travis/.gvm/gos/go1.4/bin:/home/travis/.gvm/pkgsets/go1.4/global/overlay/bin:/home/travis/.gvm/bin:/home/travis/.gvm/bin:/usr/local/clang-3.4/bin:/usr/local/sbin:/usr/local/bin:/usr/sbin:/usr/bin:/sbin:/bin:/home/travis/.rvm/bin:/home/travis/.rvm/bin:/home/travis/.rvm/bin', 'NVM_NODEJS_ORG_MIRROR': 'https://nodejs.org/dist', 'NVM_DIR': '/home/travis/.nvm', 'HOME': '/home/travis', 'TRAVIS_PULL_REQUEST': 'false', 'LD_LIBRARY_PATH': '/home/travis/.gvm/pkgsets/go1.4/global/overlay/lib:/home/travis/.gvm/pkgsets/go1.4/global/overlay/lib:/home/travis/.gvm/pkgsets/go1.4/global/overlay/lib:', 'LANG': 'en_US.UTF-8', 'TRAVIS_COMMIT': 'd7291d6c8e4b76f7f5a8354dc433d83c788e61d1', 'NVM_PATH': '/home/travis/.nvm/v0.10.33/lib/node', 'GVM_ROOT': '/home/travis/.gvm', '_system_arch': 'x86_64', 'CI': 'true', 'TOXENV': 'lint', 'rvm_prefix': '/home/travis', 'DEBIAN_FRONTEND': 'noninteractive', 'rvm_user_install_flag': '1', 'IRBRC': '/home/travis/.rvm/rubies/ruby-1.9.3-p551/.irbrc', 'DYLD_LIBRARY_PATH': '/home/travis/.gvm/pkgsets/go1.4/global/overlay/lib:/home/travis/.gvm/pkgsets/go1.4/global/overlay/lib:/home/travis/.gvm/pkgsets/go1.4/global/overlay/lib:', 'SSH_TTY': '/dev/pts/0', 'GEM_HOME': '/home/travis/.rvm/gems/ruby-1.9.3-p551', 'HAS_JOSH_K_SEAL_OF_APPROVAL': 'true', 'PYTHON_CFLAGS': '-g -fstack-protector --param=ssp-buffer-size=4 -Wformat -Werror=format-security', 'COMPOSER_NO_INTERACTION': '1', 'SSH_CLIENT': '2607:f700:8000:12d:b162:dca1:909:fd29 54541 22', 'rvm_project_rvmrc': '0', 'LOGNAME': 'travis', 'PATH': '/home/travis/build/letsencrypt/lets-encrypt-preview/.tox/lint/bin:/home/travis/virtualenv/python2.7.9/bin:/opt/python/2.7.9/bin:/opt/python/2.6.9/bin:/opt/python/3.4.2/bin:/opt/python/3.3.5/bin:/opt/python/3.2.5/bin:/opt/python/pypy-2.4.0/bin:/opt/python/pypy3-2.4.0/bin:/usr/local/phantomjs/bin:/home/travis/.nvm/v0.10.33/bin:./node_modules/.bin:/usr/local/maven-3.2.3/bin:/home/travis/.gvm/pkgsets/go1.4/global/bin:/home/travis/.gvm/gos/go1.4/bin:/home/travis/.gvm/pkgsets/go1.4/global/overlay/bin:/home/travis/.gvm/bin:/home/travis/.gvm/bin:/usr/local/clang-3.4/bin:/opt/python/2.7.9/bin:/opt/python/2.6.9/bin:/opt/python/3.4.2/bin:/opt/python/3.3.5/bin:/opt/python/3.2.5/bin:/opt/python/pypy-2.4.0/bin:/opt/python/pypy3-2.4.0/bin:/usr/local/phantomjs/bin:./node_modules/.bin:/usr/local/maven-3.2.3/bin:/home/travis/.gvm/pkgsets/go1.4/global/bin:/home/travis/.gvm/gos/go1.4/bin:/home/travis/.gvm/pkgsets/go1.4/global/overlay/bin:/home/travis/.gvm/bin:/home/travis/.gvm/bin:/usr/local/clang-3.4/bin:/home/travis/.rvm/gems/ruby-1.9.3-p551/bin:/home/travis/.rvm/gems/ruby-1.9.3-p551@global/bin:/home/travis/.rvm/rubies/ruby-1.9.3-p551/bin:/opt/python/2.7.9/bin:/opt/python/2.6.9/bin:/opt/python/3.4.2/bin:/opt/python/3.3.5/bin:/opt/python/3.2.5/bin:/opt/python/pypy-2.4.0/bin:/opt/python/pypy3-2.4.0/bin:/usr/local/phantomjs/bin:./node_modules/.bin:/usr/local/maven-3.2.3/bin:/home/travis/.gvm/pkgsets/go1.4/global/bin:/home/travis/.gvm/gos/go1.4/bin:/home/travis/.gvm/pkgsets/go1.4/global/overlay/bin:/home/travis/.gvm/bin:/home/travis/.gvm/bin:/usr/local/clang-3.4/bin:/usr/local/sbin:/usr/local/bin:/usr/sbin:/usr/bin:/sbin:/bin:/home/travis/.rvm/bin:/home/travis/.rvm/bin:/home/travis/.rvm/bin', 'rvm_silence_path_mismatch_check_flag': '1', 'rvm_autoupdate_flag': '0', 'TERM': 'xterm', 'PYTHONHASHSEED': '561922136', 'rvm_loaded_flag': '1', 'RAILS_ENV': 'test', 'TRAVIS_JOB_NUMBER': '266.3', 'PYTHON_CONFIGURE_OPTS': '--enable-unicode=ucs4 --with-wide-unicode --enable-shared --enable-ipv6 --enable-loadable-sqlite-extensions --with-computed-gotos', 'rvm_stored_umask': '0002', 'LC_ALL': 'en_US.UTF-8', 'TRAVIS_JOB_ID': '48749120', 'TRAVIS_PYTHON_VERSION': '2.7', 'OLDPWD': '/home/travis/build', 'TRAVIS_LANGUAGE': 'python', 'TRAVIS_BUILD_DIR': '/home/travis/build/letsencrypt/lets-encrypt-preview', 'NODE_PATH': '/home/travis/.nvm/v0.10.33/lib/node_modules', 'PWD': '/home/travis/build/letsencrypt/lets-encrypt-preview', 'TRAVIS_OS_NAME': 'linux', 'GVM_OVERLAY_PREFIX': '/home/travis/.gvm/pkgsets/go1.4/global/overlay'}
Processing ./.tox/dist/letsencrypt-0.1.zip
Installing collected packages: letsencrypt
  Found existing installation: letsencrypt 0.1
    Exception:
    Traceback (most recent call last):
      File "/home/travis/build/letsencrypt/lets-encrypt-preview/.tox/lint/lib/python2.7/site-packages/pip/basecommand.py", line 232, in main
        status = self.run(options, args)
      File "/home/travis/build/letsencrypt/lets-encrypt-preview/.tox/lint/lib/python2.7/site-packages/pip/commands/install.py", line 347, in run
        root=options.root_path,
      File "/home/travis/build/letsencrypt/lets-encrypt-preview/.tox/lint/lib/python2.7/site-packages/pip/req/req_set.py", line 543, in install
        requirement.uninstall(auto_confirm=True)
      File "/home/travis/build/letsencrypt/lets-encrypt-preview/.tox/lint/lib/python2.7/site-packages/pip/req/req_install.py", line 568, in uninstall
        '(at %s)' % (link_pointer, self.name, dist.location)
    AssertionError: Egg-link /home/travis/build/letsencrypt/lets-encrypt-preview does not match installed location of letsencrypt (at /home/travis/build/letsencrypt/lets-encrypt-preview/.tox/lint/lib/python2.7/site-packages)

[0m
___________________________________ summary ____________________________________
[31mERROR:   lint: InvocationError: /home/travis/build/letsencrypt/lets-encrypt-preview/.tox/lint/bin/pip install --pre -U --no-deps /home/travis/build/letsencrypt/lets-encrypt-preview/.tox/dist/letsencrypt-0.1.zip (see /home/travis/build/letsencrypt/lets-encrypt-preview/.tox/lint/log/lint-2.log)[0m

[31;1mThe command "tox" failed. Retrying, 3 of 3.[0m

[1mGLOB sdist-make: /home/travis/build/letsencrypt/lets-encrypt-preview/setup.py[0m
[1mlint inst-nodeps: /home/travis/build/letsencrypt/lets-encrypt-preview/.tox/dist/letsencrypt-0.1.zip[0m
[31mERROR: invocation failed (exit code 2), logfile: /home/travis/build/letsencrypt/lets-encrypt-preview/.tox/lint/log/lint-3.log[0m
[31mERROR: actionid=lint
msg=installpkg
cmdargs=[local('/home/travis/build/letsencrypt/lets-encrypt-preview/.tox/lint/bin/pip'), 'install', '--pre', '-U', '--no-deps', '/home/travis/build/letsencrypt/lets-encrypt-preview/.tox/dist/letsencrypt-0.1.zip']
env={'rvm_version': '1.26.3 (1.26.3)', 'LC_CTYPE': 'en_US.UTF-8', 'TRAVIS': 'true', 'TRAVIS_REPO_SLUG': 'letsencrypt/lets-encrypt-preview', 'JRUBY_OPTS': '--client -J-XX:+TieredCompilation -J-XX:TieredStopAtLevel=1 -Xcext.enabled=false -J-Xss2m -Xcompile.invokedynamic=false', 'VIRTUAL_ENV': '/home/travis/build/letsencrypt/lets-encrypt-preview/.tox/lint', 'SHELL': '/bin/bash', 'TRAVIS_BRANCH': 'validator', 'rvm_with_default_gems': 'rake=~>10.2.2 bundler=~>1.6.0', 'NVM_BIN': '/home/travis/.nvm/v0.10.33/bin', 'VIRTUAL_ENV_DISABLE_PROMPT': 'true', 'MANPATH': '/home/travis/.nvm/v0.10.33/share/man:/usr/local/clang-3.4/share/man:/usr/local/man:/usr/local/share/man:/usr/share/man', 'JAVA_HOME': '/usr/lib/jvm/java-7-oracle', 'gvm_go_name': 'go1.4', '_system_type': 'Linux', 'TRAVIS_SECURE_ENV_VARS': 'false', 'MY_RUBY_HOME': '/home/travis/.rvm/rubies/ruby-1.9.3-p551', 'rvm_max_time_flag': '5', 'RUBY_VERSION': 'ruby-1.9.3-p551', '_system_version': '12.04', 'TRAVIS_COMMIT_RANGE': '382386159cdf...d7291d6c8e4b', 'MAIL': '/var/mail/travis', 'rvm_bin_path': '/home/travis/.rvm/bin', 'GOPATH': '/home/travis/.gvm/pkgsets/go1.4/global', 'CONTINUOUS_INTEGRATION': 'true', 'GOROOT': '/home/travis/.gvm/gos/go1.4', 'gvm_pkgset_name': 'global', 'rvm_path': '/home/travis/.rvm', 'RACK_ENV': 'test', 'USER': 'travis', 'PS4': '+', 'SHLVL': '3', 'MERB_ENV': 'test', 'GIT_ASKPASS': 'echo', 'GEM_PATH': '/home/travis/.rvm/gems/ruby-1.9.3-p551:/home/travis/.rvm/gems/ruby-1.9.3-p551@global', 'HAS_ANTARES_THREE_LITTLE_FRONZIES_BADGE': 'true', 'GVM_VERSION': '1.0.22', 'PKG_CONFIG_PATH': '/home/travis/.gvm/pkgsets/go1.4/global/overlay/lib/pkgconfig:/home/travis/.gvm/pkgsets/go1.4/global/overlay/lib/pkgconfig:/home/travis/.gvm/pkgsets/go1.4/global/overlay/lib/pkgconfig:', '_': '/home/travis/virtualenv/python2.7.9/bin/tox', 'TRAVIS_TAG': '', 'SSH_CONNECTION': '2607:f700:8000:12d:b162:dca1:909:fd29 54541 2607:f700:8000:12e:59b8:9190:eece:ac40 22', 'rvm_without_gems': 'rubygems-bundler', 'TRAVIS_BUILD_NUMBER': '266', '_system_name': 'Ubuntu', 'TRAVIS_BUILD_ID': '48749117', 'GVM_PATH_BACKUP': '/home/travis/.gvm/bin:/usr/local/clang-3.4/bin:/opt/python/2.7.9/bin:/opt/python/2.6.9/bin:/opt/python/3.4.2/bin:/opt/python/3.3.5/bin:/opt/python/3.2.5/bin:/opt/python/pypy-2.4.0/bin:/opt/python/pypy3-2.4.0/bin:/usr/local/phantomjs/bin:/home/travis/.nvm/v0.10.33/bin:./node_modules/.bin:/usr/local/maven-3.2.3/bin:/home/travis/.gvm/pkgsets/go1.4/global/bin:/home/travis/.gvm/gos/go1.4/bin:/home/travis/.gvm/pkgsets/go1.4/global/overlay/bin:/home/travis/.gvm/bin:/home/travis/.gvm/bin:/usr/local/clang-3.4/bin:/home/travis/.rvm/gems/ruby-1.9.3-p551/bin:/home/travis/.rvm/gems/ruby-1.9.3-p551@global/bin:/home/travis/.rvm/rubies/ruby-1.9.3-p551/bin:/opt/python/2.7.9/bin:/opt/python/2.6.9/bin:/opt/python/3.4.2/bin:/opt/python/3.3.5/bin:/opt/python/3.2.5/bin:/opt/python/pypy-2.4.0/bin:/opt/python/pypy3-2.4.0/bin:/usr/local/phantomjs/bin:./node_modules/.bin:/usr/local/maven-3.2.3/bin:/home/travis/.gvm/pkgsets/go1.4/global/bin:/home/travis/.gvm/gos/go1.4/bin:/home/travis/.gvm/pkgsets/go1.4/global/overlay/bin:/home/travis/.gvm/bin:/home/travis/.gvm/bin:/usr/local/clang-3.4/bin:/usr/local/sbin:/usr/local/bin:/usr/sbin:/usr/bin:/sbin:/bin:/home/travis/.rvm/bin:/home/travis/.rvm/bin:/home/travis/.rvm/bin', 'NVM_NODEJS_ORG_MIRROR': 'https://nodejs.org/dist', 'NVM_DIR': '/home/travis/.nvm', 'HOME': '/home/travis', 'TRAVIS_PULL_REQUEST': 'false', 'LD_LIBRARY_PATH': '/home/travis/.gvm/pkgsets/go1.4/global/overlay/lib:/home/travis/.gvm/pkgsets/go1.4/global/overlay/lib:/home/travis/.gvm/pkgsets/go1.4/global/overlay/lib:', 'LANG': 'en_US.UTF-8', 'TRAVIS_COMMIT': 'd7291d6c8e4b76f7f5a8354dc433d83c788e61d1', 'NVM_PATH': '/home/travis/.nvm/v0.10.33/lib/node', 'GVM_ROOT': '/home/travis/.gvm', '_system_arch': 'x86_64', 'CI': 'true', 'TOXENV': 'lint', 'rvm_prefix': '/home/travis', 'DEBIAN_FRONTEND': 'noninteractive', 'rvm_user_install_flag': '1', 'IRBRC': '/home/travis/.rvm/rubies/ruby-1.9.3-p551/.irbrc', 'DYLD_LIBRARY_PATH': '/home/travis/.gvm/pkgsets/go1.4/global/overlay/lib:/home/travis/.gvm/pkgsets/go1.4/global/overlay/lib:/home/travis/.gvm/pkgsets/go1.4/global/overlay/lib:', 'SSH_TTY': '/dev/pts/0', 'GEM_HOME': '/home/travis/.rvm/gems/ruby-1.9.3-p551', 'HAS_JOSH_K_SEAL_OF_APPROVAL': 'true', 'PYTHON_CFLAGS': '-g -fstack-protector --param=ssp-buffer-size=4 -Wformat -Werror=format-security', 'COMPOSER_NO_INTERACTION': '1', 'SSH_CLIENT': '2607:f700:8000:12d:b162:dca1:909:fd29 54541 22', 'rvm_project_rvmrc': '0', 'LOGNAME': 'travis', 'PATH': '/home/travis/build/letsencrypt/lets-encrypt-preview/.tox/lint/bin:/home/travis/virtualenv/python2.7.9/bin:/opt/python/2.7.9/bin:/opt/python/2.6.9/bin:/opt/python/3.4.2/bin:/opt/python/3.3.5/bin:/opt/python/3.2.5/bin:/opt/python/pypy-2.4.0/bin:/opt/python/pypy3-2.4.0/bin:/usr/local/phantomjs/bin:/home/travis/.nvm/v0.10.33/bin:./node_modules/.bin:/usr/local/maven-3.2.3/bin:/home/travis/.gvm/pkgsets/go1.4/global/bin:/home/travis/.gvm/gos/go1.4/bin:/home/travis/.gvm/pkgsets/go1.4/global/overlay/bin:/home/travis/.gvm/bin:/home/travis/.gvm/bin:/usr/local/clang-3.4/bin:/opt/python/2.7.9/bin:/opt/python/2.6.9/bin:/opt/python/3.4.2/bin:/opt/python/3.3.5/bin:/opt/python/3.2.5/bin:/opt/python/pypy-2.4.0/bin:/opt/python/pypy3-2.4.0/bin:/usr/local/phantomjs/bin:./node_modules/.bin:/usr/local/maven-3.2.3/bin:/home/travis/.gvm/pkgsets/go1.4/global/bin:/home/travis/.gvm/gos/go1.4/bin:/home/travis/.gvm/pkgsets/go1.4/global/overlay/bin:/home/travis/.gvm/bin:/home/travis/.gvm/bin:/usr/local/clang-3.4/bin:/home/travis/.rvm/gems/ruby-1.9.3-p551/bin:/home/travis/.rvm/gems/ruby-1.9.3-p551@global/bin:/home/travis/.rvm/rubies/ruby-1.9.3-p551/bin:/opt/python/2.7.9/bin:/opt/python/2.6.9/bin:/opt/python/3.4.2/bin:/opt/python/3.3.5/bin:/opt/python/3.2.5/bin:/opt/python/pypy-2.4.0/bin:/opt/python/pypy3-2.4.0/bin:/usr/local/phantomjs/bin:./node_modules/.bin:/usr/local/maven-3.2.3/bin:/home/travis/.gvm/pkgsets/go1.4/global/bin:/home/travis/.gvm/gos/go1.4/bin:/home/travis/.gvm/pkgsets/go1.4/global/overlay/bin:/home/travis/.gvm/bin:/home/travis/.gvm/bin:/usr/local/clang-3.4/bin:/usr/local/sbin:/usr/local/bin:/usr/sbin:/usr/bin:/sbin:/bin:/home/travis/.rvm/bin:/home/travis/.rvm/bin:/home/travis/.rvm/bin', 'rvm_silence_path_mismatch_check_flag': '1', 'rvm_autoupdate_flag': '0', 'TERM': 'xterm', 'PYTHONHASHSEED': '3146871646', 'rvm_loaded_flag': '1', 'RAILS_ENV': 'test', 'TRAVIS_JOB_NUMBER': '266.3', 'PYTHON_CONFIGURE_OPTS': '--enable-unicode=ucs4 --with-wide-unicode --enable-shared --enable-ipv6 --enable-loadable-sqlite-extensions --with-computed-gotos', 'rvm_stored_umask': '0002', 'LC_ALL': 'en_US.UTF-8', 'TRAVIS_JOB_ID': '48749120', 'TRAVIS_PYTHON_VERSION': '2.7', 'OLDPWD': '/home/travis/build', 'TRAVIS_LANGUAGE': 'python', 'TRAVIS_BUILD_DIR': '/home/travis/build/letsencrypt/lets-encrypt-preview', 'NODE_PATH': '/home/travis/.nvm/v0.10.33/lib/node_modules', 'PWD': '/home/travis/build/letsencrypt/lets-encrypt-preview', 'TRAVIS_OS_NAME': 'linux', 'GVM_OVERLAY_PREFIX': '/home/travis/.gvm/pkgsets/go1.4/global/overlay'}
Processing ./.tox/dist/letsencrypt-0.1.zip
Installing collected packages: letsencrypt
  Found existing installation: letsencrypt 0.1
    Exception:
    Traceback (most recent call last):
      File "/home/travis/build/letsencrypt/lets-encrypt-preview/.tox/lint/lib/python2.7/site-packages/pip/basecommand.py", line 232, in main
        status = self.run(options, args)
      File "/home/travis/build/letsencrypt/lets-encrypt-preview/.tox/lint/lib/python2.7/site-packages/pip/commands/install.py", line 347, in run
        root=options.root_path,
      File "/home/travis/build/letsencrypt/lets-encrypt-preview/.tox/lint/lib/python2.7/site-packages/pip/req/req_set.py", line 543, in install
        requirement.uninstall(auto_confirm=True)
      File "/home/travis/build/letsencrypt/lets-encrypt-preview/.tox/lint/lib/python2.7/site-packages/pip/req/req_install.py", line 568, in uninstall
        '(at %s)' % (link_pointer, self.name, dist.location)
    AssertionError: Egg-link /home/travis/build/letsencrypt/lets-encrypt-preview does not match installed location of letsencrypt (at /home/travis/build/letsencrypt/lets-encrypt-preview/.tox/lint/lib/python2.7/site-packages)

[0m
___________________________________ summary ____________________________________
[31mERROR:   lint: InvocationError: /home/travis/build/letsencrypt/lets-encrypt-preview/.tox/lint/bin/pip install --pre -U --no-deps /home/travis/build/letsencrypt/lets-encrypt-preview/.tox/dist/letsencrypt-0.1.zip (see /home/travis/build/letsencrypt/lets-encrypt-preview/.tox/lint/log/lint-3.log)[0m

[31;1mThe command "tox" failed 3 times.[0m

travis_time:end:0ea45651:start=1422532376524500381,finish=1422532440477672456,duration=63953172075[0K
[31;1mThe command "travis_retry tox" exited with 1.[0m

Done. Your build exited with 1.
